[kbplacer_plugin_action.py:65]: Plugin version: 0.12
[kbplacer_plugin_action.py:66]: Python version: '3.11.5 (main, Dec 24 2024, 05:27:06) [MSC v.1942 64 bit (AMD64)]'
[kbplacer_plugin_action.py:67]: KiCad version: 8.0.8 with 4.2.2 msw (phoenix) wxWidgets 3.2.6
[kbplacer_dialog.py:585]: Language: en
[kbplacer_plugin_action.py:75]: GUI state: {"layout_path": "C:\\Users\\Gremlosh\\Documents\\Programming\\Other_projects\\XT Keyboard\\PCB\\full_layout.json", "key_distance": [19.05, 19.05], "key_info": {"annotation_format": "SW{}", "position_option": "Default", "position": {"x": 0.0, "y": 0.0, "orientation": 0.0, "side": "Back"}, "template_path": ""}, "enable_diode_placement": true, "route_switches_with_diodes": true, "optimize_diodes_orientation": true, "diode_info": {"annotation_format": "D", "position_option": "Default", "position": {"x": 5.08, "y": 3.03, "orientation": 90.0, "side": "Back"}, "template_path": ""}, "additional_elements": [], "route_rows_and_columns": true, "template_path": "", "generate_outline": false, "outline_delta": 0.0}
[key_placer.py:361]: Set key 1U distance: 19050000/19050000
[key_placer.py:116]: Unexpected switch net position detected, each switch should have two unique nets unambiguously defining position in key matrix, switch-by-matrix association can't be used
[key_placer.py:123]: Switches by nets: {}
[key_placer.py:127]: Diodes by switch: {'SW48': ['D46'], 'SW22': ['D21'], 'SW34': ['D33'], 'SW46': ['D44'], 'SW26': ['D25'], 'SW21': ['D20'], 'SW15': ['D13'], 'SW89': ['D84'], 'SW12': ['D10'], 'SW77': ['D71'], 'SW60': ['D72'], 'SW62': ['D72'], 'SW30': ['D29'], 'SW2': ['D16'], 'SW1': ['D16'], 'SW20': ['D19'], 'SW58': ['D56'], 'SW19': ['D18'], 'SW11': ['D9'], 'SW31': ['D30'], 'SW52': ['D50'], 'SW13': ['D11'], 'SW83': ['D78'], 'SW88': ['D83'], 'SW47': ['D45'], 'SW49': ['D47'], 'SW18': ['D17'], 'SW4': ['D2'], 'SW71': ['D65'], 'SW39': ['D38'], 'SW35': ['D34'], 'SW85': ['D80'], 'SW65': ['D61'], 'SW75': ['D69'], 'SW37': ['D36'], 'SW53': ['D51'], 'SW28': ['D27'], 'SW56': ['D54'], 'SW32': ['D31'], 'SW25': ['D24'], 'SW8': ['D6'], 'SW40': ['D39'], 'SW59': ['D57'], 'SW78': ['D73'], 'SW3': ['D1'], 'SW74': ['D68'], 'SW45': ['D43'], 'SW67': ['D59'], 'SW61': ['D60'], 'SW63': ['D60'], 'SW43': ['D41'], 'SW14': ['D12'], 'SW84': ['D79'], 'SW82': ['D77'], 'SW44': ['D42'], 'SW41': ['D42'], 'SW5': ['D3'], 'SW66': ['D58'], 'SW80': ['D75'], 'SW27': ['D26'], 'SW24': ['D23'], 'SW79': ['D74'], 'SW86': ['D81'], 'SW57': ['D55'], 'SW90': ['D85'], 'SW87': ['D82'], 'SW38': ['D37'], 'SW72': ['D66'], 'SW10': ['D8'], 'SW36': ['D35'], 'SW73': ['D67'], 'SW76': ['D70'], 'SW50': ['D48'], 'SW6': ['D4'], 'SW7': ['D5'], 'SW29': ['D28'], 'SW16': ['D14'], 'SW42': ['D40'], 'SW54': ['D52'], 'SW69': ['D63'], 'SW9': ['D7'], 'SW33': ['D32'], 'SW70': ['D64'], 'SW81': ['D76'], 'SW68': ['D62'], 'SW55': ['D53'], 'SW23': ['D22'], 'SW51': ['D49'], 'SW17': ['D15']}
[kle_serial.py:897]: User layout: [[{'x': 2.5}, 'F1', 'F6', {'x': 0.5}, 'Esc', '!\n1', '@\n2', '#\n3', '$\n4', '%\n5', '^\n6', '&\n7', '*\n8', '(\n9', ')\n0', '_\n-', '+\n=', {'w': 2}, 'Backspace', {'x': 0.5}, 'F11', 'F12', 'Mute', {'x': 0.25}, 'Split', 'Backspace'], [{'x': 2.5}, 'F2', 'F7', {'x': 0.5, 'w': 1.5}, 'Tab', 'Q', 'W', 'E', 'R', 'T', 'Y', 'U', 'I', 'O', 'P', '{\n[', '}\n]', {'w': 1.5}, '|\n\\', {'x': 0.5}, 'Insert', 'Home', 'VolUp'], [{'w': 1.25, 'w2': 1.75, 'l': True}, 'Stepped Caps', {'x': 1.25}, 'F3', 'F8', {'x': 0.5, 'w': 1.75}, 'Ctrl', 'A', 'S', 'D', 'F', 'G', 'H', 'J', 'K', 'L', ':\n;', '"\n\'', {'w': 2.25}, 'Enter', {'x': 0.5}, 'Delete', 'End', 'VolDn'], [{'w': 1.25}, 'Split', 'Shift', {'x': 0.25}, 'F4', 'F9', {'x': 0.5, 'w': 2.25}, 'Shift', 'Z', 'X', 'C', 'V', 'B', 'N', 'M', '<\n,', '>\n.', '?\n/', {'w': 2.75}, 'Shift', {'x': 0.5}, 'Prev', '↑', 'Next', {'x': 0.25, 'w': 1.75}, 'Split', 'Shift'], [{'x': 2.5}, 'F5', 'F10', {'x': 2}, 'Win', {'w': 1.25}, 'Alt', {'a': 7, 'w': 6.25}, '', {'a': 4, 'w': 1.25}, 'Alt', 'Fn', {'x': 3.25}, '←', '↓', '→']]
[key_placer.py:661]: Layout offset: (38100000, 28575000)
[board_modifier.py:85]: Setting SW1 footprint position: (95250000, 38100000)
[board_modifier.py:85]: Setting SW2 footprint position: (114300000, 38100000)
[board_modifier.py:85]: Setting SW3 footprint position: (142875000, 38100000)
[board_modifier.py:85]: Setting SW4 footprint position: (161925000, 38100000)
[board_modifier.py:85]: Setting SW5 footprint position: (180975000, 38100000)
[board_modifier.py:85]: Setting SW6 footprint position: (200025000, 38100000)
[board_modifier.py:85]: Setting SW7 footprint position: (219075000, 38100000)
[board_modifier.py:85]: Setting SW8 footprint position: (238125000, 38100000)
[board_modifier.py:85]: Setting SW9 footprint position: (257175000, 38100000)
[board_modifier.py:85]: Setting SW10 footprint position: (276225000, 38100000)
[board_modifier.py:85]: Setting SW11 footprint position: (295275000, 38100000)
[board_modifier.py:85]: Setting SW12 footprint position: (314325000, 38100000)
[board_modifier.py:85]: Setting SW13 footprint position: (333375000, 38100000)
[board_modifier.py:85]: Setting SW14 footprint position: (352425000, 38100000)
[board_modifier.py:85]: Setting SW15 footprint position: (371475000, 38100000)
[board_modifier.py:85]: Setting SW16 footprint position: (400050000, 38100000)
[board_modifier.py:85]: Setting SW17 footprint position: (438150000, 38100000)
[board_modifier.py:85]: Setting SW18 footprint position: (457200000, 38100000)
[board_modifier.py:85]: Setting SW19 footprint position: (476250000, 38100000)
[board_modifier.py:85]: Setting SW20 footprint position: (500062500, 38100000)
[board_modifier.py:85]: Setting SW21 footprint position: (519112500, 38100000)
[board_modifier.py:85]: Setting SW22 footprint position: (95250000, 57150000)
[board_modifier.py:85]: Setting SW23 footprint position: (114300000, 57150000)
[board_modifier.py:85]: Setting SW24 footprint position: (147637500, 57150000)
[board_modifier.py:85]: Setting SW25 footprint position: (171450000, 57150000)
[board_modifier.py:85]: Setting SW26 footprint position: (190500000, 57150000)
[board_modifier.py:85]: Setting SW27 footprint position: (209550000, 57150000)
[board_modifier.py:85]: Setting SW28 footprint position: (228600000, 57150000)
[board_modifier.py:85]: Setting SW29 footprint position: (247650000, 57150000)
[board_modifier.py:85]: Setting SW30 footprint position: (266700000, 57150000)
[board_modifier.py:85]: Setting SW31 footprint position: (285750000, 57150000)
[board_modifier.py:85]: Setting SW32 footprint position: (304800000, 57150000)
[board_modifier.py:85]: Setting SW33 footprint position: (323850000, 57150000)
[board_modifier.py:85]: Setting SW34 footprint position: (342900000, 57150000)
[board_modifier.py:85]: Setting SW35 footprint position: (361950000, 57150000)
[board_modifier.py:85]: Setting SW36 footprint position: (381000000, 57150000)
[board_modifier.py:85]: Setting SW37 footprint position: (404812500, 57150000)
[board_modifier.py:85]: Setting SW38 footprint position: (438150000, 57150000)
[board_modifier.py:85]: Setting SW39 footprint position: (457200000, 57150000)
[board_modifier.py:85]: Setting SW40 footprint position: (476250000, 57150000)
[board_modifier.py:85]: Setting SW41 footprint position: (50006250, 76200000)
[board_modifier.py:85]: Setting SW42 footprint position: (95250000, 76200000)
[board_modifier.py:85]: Setting SW43 footprint position: (114300000, 76200000)
[board_modifier.py:85]: Setting SW44 footprint position: (150018750, 76200000)
[board_modifier.py:85]: Setting SW45 footprint position: (176212500, 76200000)
[board_modifier.py:85]: Setting SW46 footprint position: (195262500, 76200000)
[board_modifier.py:85]: Setting SW47 footprint position: (214312500, 76200000)
[board_modifier.py:85]: Setting SW48 footprint position: (233362500, 76200000)
[board_modifier.py:85]: Setting SW49 footprint position: (252412500, 76200000)
[board_modifier.py:85]: Setting SW50 footprint position: (271462500, 76200000)
[board_modifier.py:85]: Setting SW51 footprint position: (290512500, 76200000)
[board_modifier.py:85]: Setting SW52 footprint position: (309562500, 76200000)
[board_modifier.py:85]: Setting SW53 footprint position: (328612500, 76200000)
[board_modifier.py:85]: Setting SW54 footprint position: (347662500, 76200000)
[board_modifier.py:85]: Setting SW55 footprint position: (366712500, 76200000)
[board_modifier.py:85]: Setting SW56 footprint position: (397668750, 76200000)
[board_modifier.py:85]: Setting SW57 footprint position: (438150000, 76200000)
[board_modifier.py:85]: Setting SW58 footprint position: (457200000, 76200000)
[board_modifier.py:85]: Setting SW59 footprint position: (476250000, 76200000)
[board_modifier.py:85]: Setting SW60 footprint position: (50006250, 95250000)
[board_modifier.py:85]: Setting SW61 footprint position: (71437500, 95250000)
[board_modifier.py:85]: Setting SW62 footprint position: (95250000, 95250000)
[board_modifier.py:85]: Setting SW63 footprint position: (114300000, 95250000)
[board_modifier.py:85]: Setting SW64 footprint position: (154781250, 95250000)
[board_modifier.py:85]: Setting SW65 footprint position: (185737500, 95250000)
[board_modifier.py:85]: Setting SW66 footprint position: (204787500, 95250000)
[board_modifier.py:85]: Setting SW67 footprint position: (223837500, 95250000)
[board_modifier.py:85]: Setting SW68 footprint position: (242887500, 95250000)
[board_modifier.py:85]: Setting SW69 footprint position: (261937500, 95250000)
[board_modifier.py:85]: Setting SW70 footprint position: (280987500, 95250000)
[board_modifier.py:85]: Setting SW71 footprint position: (300037500, 95250000)
[board_modifier.py:85]: Setting SW72 footprint position: (319087500, 95250000)
[board_modifier.py:85]: Setting SW73 footprint position: (338137500, 95250000)
[board_modifier.py:85]: Setting SW74 footprint position: (357187500, 95250000)
[board_modifier.py:85]: Setting SW75 footprint position: (392906250, 95250000)
[board_modifier.py:85]: Setting SW76 footprint position: (438150000, 95250000)
[board_modifier.py:85]: Setting SW77 footprint position: (457200000, 95250000)
[board_modifier.py:85]: Setting SW78 footprint position: (476250000, 95250000)
[board_modifier.py:85]: Setting SW79 footprint position: (507206250, 95250000)
[board_modifier.py:85]: Setting SW80 footprint position: (533400000, 95250000)
[board_modifier.py:85]: Setting SW81 footprint position: (95250000, 114300000)
[board_modifier.py:85]: Setting SW82 footprint position: (114300000, 114300000)
[board_modifier.py:85]: Setting SW83 footprint position: (171450000, 114300000)
[board_modifier.py:85]: Setting SW84 footprint position: (192881250, 114300000)
[board_modifier.py:85]: Setting SW85 footprint position: (264318750, 114300000)
[board_modifier.py:85]: Setting SW86 footprint position: (335756250, 114300000)
[board_modifier.py:85]: Setting SW87 footprint position: (357187500, 114300000)
[board_modifier.py:85]: Setting SW88 footprint position: (438150000, 114300000)
[board_modifier.py:85]: Setting SW89 footprint position: (457200000, 114300000)
[board_modifier.py:85]: Setting SW90 footprint position: (476250000, 114300000)
[key_placer.py:996]: Diode info: [ElementInfo(annotation_format='D', position_option=<PositionOption.DEFAULT: 'Default'>, position=ElementPosition(x=5.08, y=3.03, orientation=90.0, side=<Side.BACK: 'Back'>), template_path='')]
[board_modifier.py:98]: Getting SW1 footprint position: (95250000, 38100000)
[board_modifier.py:85]: Setting D16 footprint position: (100330000, 41130000)
[board_modifier.py:98]: Getting SW2 footprint position: (114300000, 38100000)
[board_modifier.py:98]: Getting SW3 footprint position: (142875000, 38100000)
[board_modifier.py:85]: Setting D1 footprint position: (147955000, 41130000)
[board_modifier.py:98]: Getting SW4 footprint position: (161925000, 38100000)
[board_modifier.py:85]: Setting D2 footprint position: (167005000, 41130000)
[board_modifier.py:98]: Getting SW5 footprint position: (180975000, 38100000)
[board_modifier.py:85]: Setting D3 footprint position: (186055000, 41130000)
[board_modifier.py:98]: Getting SW6 footprint position: (200025000, 38100000)
[board_modifier.py:85]: Setting D4 footprint position: (205105000, 41130000)
[board_modifier.py:98]: Getting SW7 footprint position: (219075000, 38100000)
[board_modifier.py:85]: Setting D5 footprint position: (224155000, 41130000)
[board_modifier.py:98]: Getting SW8 footprint position: (238125000, 38100000)
[board_modifier.py:85]: Setting D6 footprint position: (243205000, 41130000)
[board_modifier.py:98]: Getting SW9 footprint position: (257175000, 38100000)
[board_modifier.py:85]: Setting D7 footprint position: (262255000, 41130000)
[board_modifier.py:98]: Getting SW10 footprint position: (276225000, 38100000)
[board_modifier.py:85]: Setting D8 footprint position: (281305000, 41130000)
[board_modifier.py:98]: Getting SW11 footprint position: (295275000, 38100000)
[board_modifier.py:85]: Setting D9 footprint position: (300355000, 41130000)
[board_modifier.py:98]: Getting SW12 footprint position: (314325000, 38100000)
[board_modifier.py:85]: Setting D10 footprint position: (319405000, 41130000)
[board_modifier.py:98]: Getting SW13 footprint position: (333375000, 38100000)
[board_modifier.py:85]: Setting D11 footprint position: (338455000, 41130000)
[board_modifier.py:98]: Getting SW14 footprint position: (352425000, 38100000)
[board_modifier.py:85]: Setting D12 footprint position: (357505000, 41130000)
[board_modifier.py:98]: Getting SW15 footprint position: (371475000, 38100000)
[board_modifier.py:85]: Setting D13 footprint position: (376555000, 41130000)
[board_modifier.py:98]: Getting SW16 footprint position: (400050000, 38100000)
[board_modifier.py:85]: Setting D14 footprint position: (405130000, 41130000)
[board_modifier.py:98]: Getting SW17 footprint position: (438150000, 38100000)
[board_modifier.py:85]: Setting D15 footprint position: (443230000, 41130000)
[board_modifier.py:98]: Getting SW18 footprint position: (457200000, 38100000)
[board_modifier.py:85]: Setting D17 footprint position: (462280000, 41130000)
[board_modifier.py:98]: Getting SW19 footprint position: (476250000, 38100000)
[board_modifier.py:85]: Setting D18 footprint position: (481330000, 41130000)
[board_modifier.py:98]: Getting SW20 footprint position: (500062500, 38100000)
[board_modifier.py:85]: Setting D19 footprint position: (505142500, 41130000)
[board_modifier.py:98]: Getting SW21 footprint position: (519112500, 38100000)
[board_modifier.py:85]: Setting D20 footprint position: (524192500, 41130000)
[board_modifier.py:98]: Getting SW22 footprint position: (95250000, 57150000)
[board_modifier.py:85]: Setting D21 footprint position: (100330000, 60180000)
[board_modifier.py:98]: Getting SW23 footprint position: (114300000, 57150000)
[board_modifier.py:85]: Setting D22 footprint position: (119380000, 60180000)
[board_modifier.py:98]: Getting SW24 footprint position: (147637500, 57150000)
[board_modifier.py:85]: Setting D23 footprint position: (152717500, 60180000)
[board_modifier.py:98]: Getting SW25 footprint position: (171450000, 57150000)
[board_modifier.py:85]: Setting D24 footprint position: (176530000, 60180000)
[board_modifier.py:98]: Getting SW26 footprint position: (190500000, 57150000)
[board_modifier.py:85]: Setting D25 footprint position: (195580000, 60180000)
[board_modifier.py:98]: Getting SW27 footprint position: (209550000, 57150000)
[board_modifier.py:85]: Setting D26 footprint position: (214630000, 60180000)
[board_modifier.py:98]: Getting SW28 footprint position: (228600000, 57150000)
[board_modifier.py:85]: Setting D27 footprint position: (233680000, 60180000)
[board_modifier.py:98]: Getting SW29 footprint position: (247650000, 57150000)
[board_modifier.py:85]: Setting D28 footprint position: (252730000, 60180000)
[board_modifier.py:98]: Getting SW30 footprint position: (266700000, 57150000)
[board_modifier.py:85]: Setting D29 footprint position: (271780000, 60180000)
[board_modifier.py:98]: Getting SW31 footprint position: (285750000, 57150000)
[board_modifier.py:85]: Setting D30 footprint position: (290830000, 60180000)
[board_modifier.py:98]: Getting SW32 footprint position: (304800000, 57150000)
[board_modifier.py:85]: Setting D31 footprint position: (309880000, 60180000)
[board_modifier.py:98]: Getting SW33 footprint position: (323850000, 57150000)
[board_modifier.py:85]: Setting D32 footprint position: (328930000, 60180000)
[board_modifier.py:98]: Getting SW34 footprint position: (342900000, 57150000)
[board_modifier.py:85]: Setting D33 footprint position: (347980000, 60180000)
[board_modifier.py:98]: Getting SW35 footprint position: (361950000, 57150000)
[board_modifier.py:85]: Setting D34 footprint position: (367030000, 60180000)
[board_modifier.py:98]: Getting SW36 footprint position: (381000000, 57150000)
[board_modifier.py:85]: Setting D35 footprint position: (386080000, 60180000)
[board_modifier.py:98]: Getting SW37 footprint position: (404812500, 57150000)
[board_modifier.py:85]: Setting D36 footprint position: (409892500, 60180000)
[board_modifier.py:98]: Getting SW38 footprint position: (438150000, 57150000)
[board_modifier.py:85]: Setting D37 footprint position: (443230000, 60180000)
[board_modifier.py:98]: Getting SW39 footprint position: (457200000, 57150000)
[board_modifier.py:85]: Setting D38 footprint position: (462280000, 60180000)
[board_modifier.py:98]: Getting SW40 footprint position: (476250000, 57150000)
[board_modifier.py:85]: Setting D39 footprint position: (481330000, 60180000)
[board_modifier.py:98]: Getting SW41 footprint position: (50006250, 76200000)
[board_modifier.py:85]: Setting D42 footprint position: (55086250, 79230000)
[board_modifier.py:98]: Getting SW42 footprint position: (95250000, 76200000)
[board_modifier.py:85]: Setting D40 footprint position: (100330000, 79230000)
[board_modifier.py:98]: Getting SW43 footprint position: (114300000, 76200000)
[board_modifier.py:85]: Setting D41 footprint position: (119380000, 79230000)
[board_modifier.py:98]: Getting SW44 footprint position: (150018750, 76200000)
[board_modifier.py:98]: Getting SW45 footprint position: (176212500, 76200000)
[board_modifier.py:85]: Setting D43 footprint position: (181292500, 79230000)
[board_modifier.py:98]: Getting SW46 footprint position: (195262500, 76200000)
[board_modifier.py:85]: Setting D44 footprint position: (200342500, 79230000)
[board_modifier.py:98]: Getting SW47 footprint position: (214312500, 76200000)
[board_modifier.py:85]: Setting D45 footprint position: (219392500, 79230000)
[board_modifier.py:98]: Getting SW48 footprint position: (233362500, 76200000)
[board_modifier.py:85]: Setting D46 footprint position: (238442500, 79230000)
[board_modifier.py:98]: Getting SW49 footprint position: (252412500, 76200000)
[board_modifier.py:85]: Setting D47 footprint position: (257492500, 79230000)
[board_modifier.py:98]: Getting SW50 footprint position: (271462500, 76200000)
[board_modifier.py:85]: Setting D48 footprint position: (276542500, 79230000)
[board_modifier.py:98]: Getting SW51 footprint position: (290512500, 76200000)
[board_modifier.py:85]: Setting D49 footprint position: (295592500, 79230000)
[board_modifier.py:98]: Getting SW52 footprint position: (309562500, 76200000)
[board_modifier.py:85]: Setting D50 footprint position: (314642500, 79230000)
[board_modifier.py:98]: Getting SW53 footprint position: (328612500, 76200000)
[board_modifier.py:85]: Setting D51 footprint position: (333692500, 79230000)
[board_modifier.py:98]: Getting SW54 footprint position: (347662500, 76200000)
[board_modifier.py:85]: Setting D52 footprint position: (352742500, 79230000)
[board_modifier.py:98]: Getting SW55 footprint position: (366712500, 76200000)
[board_modifier.py:85]: Setting D53 footprint position: (371792500, 79230000)
[board_modifier.py:98]: Getting SW56 footprint position: (397668750, 76200000)
[board_modifier.py:85]: Setting D54 footprint position: (402748750, 79230000)
[board_modifier.py:98]: Getting SW57 footprint position: (438150000, 76200000)
[board_modifier.py:85]: Setting D55 footprint position: (443230000, 79230000)
[board_modifier.py:98]: Getting SW58 footprint position: (457200000, 76200000)
[board_modifier.py:85]: Setting D56 footprint position: (462280000, 79230000)
[board_modifier.py:98]: Getting SW59 footprint position: (476250000, 76200000)
[board_modifier.py:85]: Setting D57 footprint position: (481330000, 79230000)
[board_modifier.py:98]: Getting SW60 footprint position: (50006250, 95250000)
[board_modifier.py:85]: Setting D72 footprint position: (55086250, 98280000)
[board_modifier.py:98]: Getting SW61 footprint position: (71437500, 95250000)
[board_modifier.py:85]: Setting D60 footprint position: (76517500, 98280000)
[board_modifier.py:98]: Getting SW62 footprint position: (95250000, 95250000)
[board_modifier.py:98]: Getting SW63 footprint position: (114300000, 95250000)
[board_modifier.py:98]: Getting SW64 footprint position: (154781250, 95250000)
[board_modifier.py:98]: Getting SW65 footprint position: (185737500, 95250000)
[board_modifier.py:85]: Setting D61 footprint position: (190817500, 98280000)
[board_modifier.py:98]: Getting SW66 footprint position: (204787500, 95250000)
[board_modifier.py:85]: Setting D58 footprint position: (209867500, 98280000)
[board_modifier.py:98]: Getting SW67 footprint position: (223837500, 95250000)
[board_modifier.py:85]: Setting D59 footprint position: (228917500, 98280000)
[board_modifier.py:98]: Getting SW68 footprint position: (242887500, 95250000)
[board_modifier.py:85]: Setting D62 footprint position: (247967500, 98280000)
[board_modifier.py:98]: Getting SW69 footprint position: (261937500, 95250000)
[board_modifier.py:85]: Setting D63 footprint position: (267017500, 98280000)
[board_modifier.py:98]: Getting SW70 footprint position: (280987500, 95250000)
[board_modifier.py:85]: Setting D64 footprint position: (286067500, 98280000)
[board_modifier.py:98]: Getting SW71 footprint position: (300037500, 95250000)
[board_modifier.py:85]: Setting D65 footprint position: (305117500, 98280000)
[board_modifier.py:98]: Getting SW72 footprint position: (319087500, 95250000)
[board_modifier.py:85]: Setting D66 footprint position: (324167500, 98280000)
[board_modifier.py:98]: Getting SW73 footprint position: (338137500, 95250000)
[board_modifier.py:85]: Setting D67 footprint position: (343217500, 98280000)
[board_modifier.py:98]: Getting SW74 footprint position: (357187500, 95250000)
[board_modifier.py:85]: Setting D68 footprint position: (362267500, 98280000)
[board_modifier.py:98]: Getting SW75 footprint position: (392906250, 95250000)
[board_modifier.py:85]: Setting D69 footprint position: (397986250, 98280000)
[board_modifier.py:98]: Getting SW76 footprint position: (438150000, 95250000)
[board_modifier.py:85]: Setting D70 footprint position: (443230000, 98280000)
[board_modifier.py:98]: Getting SW77 footprint position: (457200000, 95250000)
[board_modifier.py:85]: Setting D71 footprint position: (462280000, 98280000)
[board_modifier.py:98]: Getting SW78 footprint position: (476250000, 95250000)
[board_modifier.py:85]: Setting D73 footprint position: (481330000, 98280000)
[board_modifier.py:98]: Getting SW79 footprint position: (507206250, 95250000)
[board_modifier.py:85]: Setting D74 footprint position: (512286250, 98280000)
[board_modifier.py:98]: Getting SW80 footprint position: (533400000, 95250000)
[board_modifier.py:85]: Setting D75 footprint position: (538480000, 98280000)
[board_modifier.py:98]: Getting SW81 footprint position: (95250000, 114300000)
[board_modifier.py:85]: Setting D76 footprint position: (100330000, 117330000)
[board_modifier.py:98]: Getting SW82 footprint position: (114300000, 114300000)
[board_modifier.py:85]: Setting D77 footprint position: (119380000, 117330000)
[board_modifier.py:98]: Getting SW83 footprint position: (171450000, 114300000)
[board_modifier.py:85]: Setting D78 footprint position: (176530000, 117330000)
[board_modifier.py:98]: Getting SW84 footprint position: (192881250, 114300000)
[board_modifier.py:85]: Setting D79 footprint position: (197961250, 117330000)
[board_modifier.py:98]: Getting SW85 footprint position: (264318750, 114300000)
[board_modifier.py:85]: Setting D80 footprint position: (269398750, 117330000)
[board_modifier.py:98]: Getting SW86 footprint position: (335756250, 114300000)
[board_modifier.py:85]: Setting D81 footprint position: (340836250, 117330000)
[board_modifier.py:98]: Getting SW87 footprint position: (357187500, 114300000)
[board_modifier.py:85]: Setting D82 footprint position: (362267500, 117330000)
[board_modifier.py:98]: Getting SW88 footprint position: (438150000, 114300000)
[board_modifier.py:85]: Setting D83 footprint position: (443230000, 117330000)
[board_modifier.py:98]: Getting SW89 footprint position: (457200000, 114300000)
[board_modifier.py:85]: Setting D84 footprint position: (462280000, 117330000)
[board_modifier.py:98]: Getting SW90 footprint position: (476250000, 114300000)
[board_modifier.py:85]: Setting D85 footprint position: (481330000, 117330000)
[board_modifier.py:98]: Getting SW91 footprint position: (308396250, 228270000)
[board_modifier.py:98]: Getting SW92 footprint position: (429840000, 152070000)
[board_modifier.py:98]: Getting SW93 footprint position: (427458750, 190170000)
[board_modifier.py:98]: Getting SW94 footprint position: (422696250, 209220000)
[board_modifier.py:98]: Getting SW95 footprint position: (184571250, 209220000)
[key_placer.py:746]: Optimizing orientation of SW1 diodes
[board_modifier.py:98]: Getting D16 footprint position: (100330000, 41130000)
[key_placer.py:746]: Optimizing orientation of SW2 diodes
[board_modifier.py:98]: Getting D16 footprint position: (100330000, 41130000)
[key_placer.py:746]: Optimizing orientation of SW3 diodes
[board_modifier.py:98]: Getting D1 footprint position: (147955000, 41130000)
[key_placer.py:746]: Optimizing orientation of SW4 diodes
[board_modifier.py:98]: Getting D2 footprint position: (167005000, 41130000)
[key_placer.py:746]: Optimizing orientation of SW5 diodes
[board_modifier.py:98]: Getting D3 footprint position: (186055000, 41130000)
[key_placer.py:746]: Optimizing orientation of SW6 diodes
[board_modifier.py:98]: Getting D4 footprint position: (205105000, 41130000)
[key_placer.py:746]: Optimizing orientation of SW7 diodes
[board_modifier.py:98]: Getting D5 footprint position: (224155000, 41130000)
[key_placer.py:746]: Optimizing orientation of SW8 diodes
[board_modifier.py:98]: Getting D6 footprint position: (243205000, 41130000)
[key_placer.py:746]: Optimizing orientation of SW9 diodes
[board_modifier.py:98]: Getting D7 footprint position: (262255000, 41130000)
[key_placer.py:746]: Optimizing orientation of SW10 diodes
[board_modifier.py:98]: Getting D8 footprint position: (281305000, 41130000)
[key_placer.py:746]: Optimizing orientation of SW11 diodes
[board_modifier.py:98]: Getting D9 footprint position: (300355000, 41130000)
[key_placer.py:746]: Optimizing orientation of SW12 diodes
[board_modifier.py:98]: Getting D10 footprint position: (319405000, 41130000)
[key_placer.py:746]: Optimizing orientation of SW13 diodes
[board_modifier.py:98]: Getting D11 footprint position: (338455000, 41130000)
[key_placer.py:746]: Optimizing orientation of SW14 diodes
[board_modifier.py:98]: Getting D12 footprint position: (357505000, 41130000)
[key_placer.py:746]: Optimizing orientation of SW15 diodes
[board_modifier.py:98]: Getting D13 footprint position: (376555000, 41130000)
[key_placer.py:746]: Optimizing orientation of SW16 diodes
[board_modifier.py:98]: Getting D14 footprint position: (405130000, 41130000)
[key_placer.py:746]: Optimizing orientation of SW17 diodes
[board_modifier.py:98]: Getting D15 footprint position: (443230000, 41130000)
[key_placer.py:746]: Optimizing orientation of SW18 diodes
[board_modifier.py:98]: Getting D17 footprint position: (462280000, 41130000)
[key_placer.py:746]: Optimizing orientation of SW19 diodes
[board_modifier.py:98]: Getting D18 footprint position: (481330000, 41130000)
[key_placer.py:746]: Optimizing orientation of SW20 diodes
[board_modifier.py:98]: Getting D19 footprint position: (505142500, 41130000)
[key_placer.py:746]: Optimizing orientation of SW21 diodes
[board_modifier.py:98]: Getting D20 footprint position: (524192500, 41130000)
[key_placer.py:746]: Optimizing orientation of SW22 diodes
[board_modifier.py:98]: Getting D21 footprint position: (100330000, 60180000)
[key_placer.py:746]: Optimizing orientation of SW23 diodes
[board_modifier.py:98]: Getting D22 footprint position: (119380000, 60180000)
[key_placer.py:746]: Optimizing orientation of SW24 diodes
[board_modifier.py:98]: Getting D23 footprint position: (152717500, 60180000)
[key_placer.py:746]: Optimizing orientation of SW25 diodes
[board_modifier.py:98]: Getting D24 footprint position: (176530000, 60180000)
[key_placer.py:746]: Optimizing orientation of SW26 diodes
[board_modifier.py:98]: Getting D25 footprint position: (195580000, 60180000)
[key_placer.py:746]: Optimizing orientation of SW27 diodes
[board_modifier.py:98]: Getting D26 footprint position: (214630000, 60180000)
[key_placer.py:746]: Optimizing orientation of SW28 diodes
[board_modifier.py:98]: Getting D27 footprint position: (233680000, 60180000)
[key_placer.py:746]: Optimizing orientation of SW29 diodes
[board_modifier.py:98]: Getting D28 footprint position: (252730000, 60180000)
[key_placer.py:746]: Optimizing orientation of SW30 diodes
[board_modifier.py:98]: Getting D29 footprint position: (271780000, 60180000)
[key_placer.py:746]: Optimizing orientation of SW31 diodes
[board_modifier.py:98]: Getting D30 footprint position: (290830000, 60180000)
[key_placer.py:746]: Optimizing orientation of SW32 diodes
[board_modifier.py:98]: Getting D31 footprint position: (309880000, 60180000)
[key_placer.py:746]: Optimizing orientation of SW33 diodes
[board_modifier.py:98]: Getting D32 footprint position: (328930000, 60180000)
[key_placer.py:746]: Optimizing orientation of SW34 diodes
[board_modifier.py:98]: Getting D33 footprint position: (347980000, 60180000)
[key_placer.py:746]: Optimizing orientation of SW35 diodes
[board_modifier.py:98]: Getting D34 footprint position: (367030000, 60180000)
[key_placer.py:746]: Optimizing orientation of SW36 diodes
[board_modifier.py:98]: Getting D35 footprint position: (386080000, 60180000)
[key_placer.py:746]: Optimizing orientation of SW37 diodes
[board_modifier.py:98]: Getting D36 footprint position: (409892500, 60180000)
[key_placer.py:746]: Optimizing orientation of SW38 diodes
[board_modifier.py:98]: Getting D37 footprint position: (443230000, 60180000)
[key_placer.py:746]: Optimizing orientation of SW39 diodes
[board_modifier.py:98]: Getting D38 footprint position: (462280000, 60180000)
[key_placer.py:746]: Optimizing orientation of SW40 diodes
[board_modifier.py:98]: Getting D39 footprint position: (481330000, 60180000)
[key_placer.py:746]: Optimizing orientation of SW41 diodes
[board_modifier.py:98]: Getting D42 footprint position: (55086250, 79230000)
[key_placer.py:746]: Optimizing orientation of SW42 diodes
[board_modifier.py:98]: Getting D40 footprint position: (100330000, 79230000)
[key_placer.py:746]: Optimizing orientation of SW43 diodes
[board_modifier.py:98]: Getting D41 footprint position: (119380000, 79230000)
[key_placer.py:746]: Optimizing orientation of SW44 diodes
[board_modifier.py:98]: Getting D42 footprint position: (55086250, 79230000)
[key_placer.py:746]: Optimizing orientation of SW45 diodes
[board_modifier.py:98]: Getting D43 footprint position: (181292500, 79230000)
[key_placer.py:746]: Optimizing orientation of SW46 diodes
[board_modifier.py:98]: Getting D44 footprint position: (200342500, 79230000)
[key_placer.py:746]: Optimizing orientation of SW47 diodes
[board_modifier.py:98]: Getting D45 footprint position: (219392500, 79230000)
[key_placer.py:746]: Optimizing orientation of SW48 diodes
[board_modifier.py:98]: Getting D46 footprint position: (238442500, 79230000)
[key_placer.py:746]: Optimizing orientation of SW49 diodes
[board_modifier.py:98]: Getting D47 footprint position: (257492500, 79230000)
[key_placer.py:746]: Optimizing orientation of SW50 diodes
[board_modifier.py:98]: Getting D48 footprint position: (276542500, 79230000)
[key_placer.py:746]: Optimizing orientation of SW51 diodes
[board_modifier.py:98]: Getting D49 footprint position: (295592500, 79230000)
[key_placer.py:746]: Optimizing orientation of SW52 diodes
[board_modifier.py:98]: Getting D50 footprint position: (314642500, 79230000)
[key_placer.py:746]: Optimizing orientation of SW53 diodes
[board_modifier.py:98]: Getting D51 footprint position: (333692500, 79230000)
[key_placer.py:746]: Optimizing orientation of SW54 diodes
[board_modifier.py:98]: Getting D52 footprint position: (352742500, 79230000)
[key_placer.py:746]: Optimizing orientation of SW55 diodes
[board_modifier.py:98]: Getting D53 footprint position: (371792500, 79230000)
[key_placer.py:746]: Optimizing orientation of SW56 diodes
[board_modifier.py:98]: Getting D54 footprint position: (402748750, 79230000)
[key_placer.py:746]: Optimizing orientation of SW57 diodes
[board_modifier.py:98]: Getting D55 footprint position: (443230000, 79230000)
[key_placer.py:746]: Optimizing orientation of SW58 diodes
[board_modifier.py:98]: Getting D56 footprint position: (462280000, 79230000)
[key_placer.py:746]: Optimizing orientation of SW59 diodes
[board_modifier.py:98]: Getting D57 footprint position: (481330000, 79230000)
[key_placer.py:746]: Optimizing orientation of SW60 diodes
[board_modifier.py:98]: Getting D72 footprint position: (55086250, 98280000)
[key_placer.py:746]: Optimizing orientation of SW61 diodes
[board_modifier.py:98]: Getting D60 footprint position: (76517500, 98280000)
[key_placer.py:746]: Optimizing orientation of SW62 diodes
[board_modifier.py:98]: Getting D72 footprint position: (55086250, 98280000)
[key_placer.py:746]: Optimizing orientation of SW63 diodes
[board_modifier.py:98]: Getting D60 footprint position: (76517500, 98280000)
[key_placer.py:746]: Optimizing orientation of SW64 diodes
[key_placer.py:746]: Optimizing orientation of SW65 diodes
[board_modifier.py:98]: Getting D61 footprint position: (190817500, 98280000)
[key_placer.py:746]: Optimizing orientation of SW66 diodes
[board_modifier.py:98]: Getting D58 footprint position: (209867500, 98280000)
[key_placer.py:746]: Optimizing orientation of SW67 diodes
[board_modifier.py:98]: Getting D59 footprint position: (228917500, 98280000)
[key_placer.py:746]: Optimizing orientation of SW68 diodes
[board_modifier.py:98]: Getting D62 footprint position: (247967500, 98280000)
[key_placer.py:746]: Optimizing orientation of SW69 diodes
[board_modifier.py:98]: Getting D63 footprint position: (267017500, 98280000)
[key_placer.py:746]: Optimizing orientation of SW70 diodes
[board_modifier.py:98]: Getting D64 footprint position: (286067500, 98280000)
[key_placer.py:746]: Optimizing orientation of SW71 diodes
[board_modifier.py:98]: Getting D65 footprint position: (305117500, 98280000)
[key_placer.py:746]: Optimizing orientation of SW72 diodes
[board_modifier.py:98]: Getting D66 footprint position: (324167500, 98280000)
[key_placer.py:746]: Optimizing orientation of SW73 diodes
[board_modifier.py:98]: Getting D67 footprint position: (343217500, 98280000)
[key_placer.py:746]: Optimizing orientation of SW74 diodes
[board_modifier.py:98]: Getting D68 footprint position: (362267500, 98280000)
[key_placer.py:746]: Optimizing orientation of SW75 diodes
[board_modifier.py:98]: Getting D69 footprint position: (397986250, 98280000)
[key_placer.py:746]: Optimizing orientation of SW76 diodes
[board_modifier.py:98]: Getting D70 footprint position: (443230000, 98280000)
[key_placer.py:746]: Optimizing orientation of SW77 diodes
[board_modifier.py:98]: Getting D71 footprint position: (462280000, 98280000)
[key_placer.py:746]: Optimizing orientation of SW78 diodes
[board_modifier.py:98]: Getting D73 footprint position: (481330000, 98280000)
[key_placer.py:746]: Optimizing orientation of SW79 diodes
[board_modifier.py:98]: Getting D74 footprint position: (512286250, 98280000)
[key_placer.py:746]: Optimizing orientation of SW80 diodes
[board_modifier.py:98]: Getting D75 footprint position: (538480000, 98280000)
[key_placer.py:746]: Optimizing orientation of SW81 diodes
[board_modifier.py:98]: Getting D76 footprint position: (100330000, 117330000)
[key_placer.py:746]: Optimizing orientation of SW82 diodes
[board_modifier.py:98]: Getting D77 footprint position: (119380000, 117330000)
[key_placer.py:746]: Optimizing orientation of SW83 diodes
[board_modifier.py:98]: Getting D78 footprint position: (176530000, 117330000)
[key_placer.py:746]: Optimizing orientation of SW84 diodes
[board_modifier.py:98]: Getting D79 footprint position: (197961250, 117330000)
[key_placer.py:746]: Optimizing orientation of SW85 diodes
[board_modifier.py:98]: Getting D80 footprint position: (269398750, 117330000)
[key_placer.py:746]: Optimizing orientation of SW86 diodes
[board_modifier.py:98]: Getting D81 footprint position: (340836250, 117330000)
[key_placer.py:746]: Optimizing orientation of SW87 diodes
[board_modifier.py:98]: Getting D82 footprint position: (362267500, 117330000)
[key_placer.py:746]: Optimizing orientation of SW88 diodes
[board_modifier.py:98]: Getting D83 footprint position: (443230000, 117330000)
[key_placer.py:746]: Optimizing orientation of SW89 diodes
[board_modifier.py:98]: Getting D84 footprint position: (462280000, 117330000)
[key_placer.py:746]: Optimizing orientation of SW90 diodes
[board_modifier.py:98]: Getting D85 footprint position: (481330000, 117330000)
[key_placer.py:746]: Optimizing orientation of SW91 diodes
[key_placer.py:746]: Optimizing orientation of SW92 diodes
[key_placer.py:746]: Optimizing orientation of SW93 diodes
[key_placer.py:746]: Optimizing orientation of SW94 diodes
[key_placer.py:746]: Optimizing orientation of SW95 diodes
[key_placer.py:423]: Routing SW49 with D47
[key_placer.py:425]: Using internal autorouter method
[board_modifier.py:522]: Routing at B.Cu layer
[board_modifier.py:539]: Netclass: Default, track width: 200000
[board_modifier.py:601]: Routing pad 'SW49:1' at (248602500, 78740000) with pad 'D47:2' at (257492500, 77580000) using coordinate system rotated by 0 degree(s)
[board_modifier.py:445]: Adding track segment (B.Cu): [(248602500, 78740000), (256332500, 78740000)]
[board_modifier.py:450]: Track added
[board_modifier.py:445]: Adding track segment (B.Cu): [(256332500, 78740000), (257492500, 77580000)]
[board_modifier.py:450]: Track added
[key_placer.py:423]: Routing SW27 with D26
[key_placer.py:425]: Using internal autorouter method
[board_modifier.py:522]: Routing at B.Cu layer
[board_modifier.py:539]: Netclass: Default, track width: 200000
[board_modifier.py:601]: Routing pad 'SW27:1' at (205740000, 59690000) with pad 'D26:2' at (214630000, 58530000) using coordinate system rotated by 0 degree(s)
[board_modifier.py:445]: Adding track segment (B.Cu): [(205740000, 59690000), (213470000, 59690000)]
[board_modifier.py:450]: Track added
[board_modifier.py:445]: Adding track segment (B.Cu): [(213470000, 59690000), (214630000, 58530000)]
[board_modifier.py:450]: Track added
[key_placer.py:423]: Routing SW32 with D31
[key_placer.py:425]: Using internal autorouter method
[board_modifier.py:522]: Routing at B.Cu layer
[board_modifier.py:539]: Netclass: Default, track width: 200000
[board_modifier.py:601]: Routing pad 'SW32:1' at (300990000, 59690000) with pad 'D31:2' at (309880000, 58530000) using coordinate system rotated by 0 degree(s)
[board_modifier.py:445]: Adding track segment (B.Cu): [(300990000, 59690000), (308720000, 59690000)]
[board_modifier.py:450]: Track added
[board_modifier.py:445]: Adding track segment (B.Cu): [(308720000, 59690000), (309880000, 58530000)]
[board_modifier.py:450]: Track added
[key_placer.py:423]: Routing SW61 with D60
[key_placer.py:425]: Using internal autorouter method
[board_modifier.py:522]: Routing at B.Cu layer
[board_modifier.py:539]: Netclass: Default, track width: 200000
[board_modifier.py:601]: Routing pad 'SW61:1' at (67627500, 97790000) with pad 'D60:2' at (76517500, 96630000) using coordinate system rotated by 0 degree(s)
[board_modifier.py:445]: Adding track segment (B.Cu): [(67627500, 97790000), (75357500, 97790000)]
[board_modifier.py:450]: Track added
[board_modifier.py:445]: Adding track segment (B.Cu): [(75357500, 97790000), (76517500, 96630000)]
[board_modifier.py:450]: Track added
[key_placer.py:423]: Routing SW40 with D39
[key_placer.py:425]: Using internal autorouter method
[board_modifier.py:522]: Routing at B.Cu layer
[board_modifier.py:539]: Netclass: Default, track width: 200000
[board_modifier.py:601]: Routing pad 'SW40:1' at (472440000, 59690000) with pad 'D39:2' at (481330000, 58530000) using coordinate system rotated by 0 degree(s)
[board_modifier.py:445]: Adding track segment (B.Cu): [(472440000, 59690000), (480170000, 59690000)]
[board_modifier.py:450]: Track added
[board_modifier.py:445]: Adding track segment (B.Cu): [(480170000, 59690000), (481330000, 58530000)]
[board_modifier.py:450]: Track added
[key_placer.py:423]: Routing SW21 with D20
[key_placer.py:425]: Using internal autorouter method
[board_modifier.py:522]: Routing at B.Cu layer
[board_modifier.py:539]: Netclass: Default, track width: 200000
[board_modifier.py:601]: Routing pad 'SW21:1' at (515302500, 40640000) with pad 'D20:2' at (524192500, 39480000) using coordinate system rotated by 0 degree(s)
[board_modifier.py:445]: Adding track segment (B.Cu): [(515302500, 40640000), (523032500, 40640000)]
[board_modifier.py:450]: Track added
[board_modifier.py:445]: Adding track segment (B.Cu): [(523032500, 40640000), (524192500, 39480000)]
[board_modifier.py:450]: Track added
[key_placer.py:423]: Routing SW11 with D9
[key_placer.py:425]: Using internal autorouter method
[board_modifier.py:522]: Routing at B.Cu layer
[board_modifier.py:539]: Netclass: Default, track width: 200000
[board_modifier.py:601]: Routing pad 'SW11:1' at (291465000, 40640000) with pad 'D9:2' at (300355000, 39480000) using coordinate system rotated by 0 degree(s)
[board_modifier.py:445]: Adding track segment (B.Cu): [(291465000, 40640000), (299195000, 40640000)]
[board_modifier.py:450]: Track added
[board_modifier.py:445]: Adding track segment (B.Cu): [(299195000, 40640000), (300355000, 39480000)]
[board_modifier.py:450]: Track added
[key_placer.py:423]: Routing SW3 with D1
[key_placer.py:425]: Using internal autorouter method
[board_modifier.py:522]: Routing at B.Cu layer
[board_modifier.py:539]: Netclass: Default, track width: 200000
[board_modifier.py:601]: Routing pad 'SW3:1' at (139065000, 40640000) with pad 'D1:2' at (147955000, 39480000) using coordinate system rotated by 0 degree(s)
[board_modifier.py:445]: Adding track segment (B.Cu): [(139065000, 40640000), (146795000, 40640000)]
[board_modifier.py:450]: Track added
[board_modifier.py:445]: Adding track segment (B.Cu): [(146795000, 40640000), (147955000, 39480000)]
[board_modifier.py:450]: Track added
[key_placer.py:423]: Routing SW10 with D8
[key_placer.py:425]: Using internal autorouter method
[board_modifier.py:522]: Routing at B.Cu layer
[board_modifier.py:539]: Netclass: Default, track width: 200000
[board_modifier.py:601]: Routing pad 'SW10:1' at (272415000, 40640000) with pad 'D8:2' at (281305000, 39480000) using coordinate system rotated by 0 degree(s)
[board_modifier.py:445]: Adding track segment (B.Cu): [(272415000, 40640000), (280145000, 40640000)]
[board_modifier.py:450]: Track added
[board_modifier.py:445]: Adding track segment (B.Cu): [(280145000, 40640000), (281305000, 39480000)]
[board_modifier.py:450]: Track added
[key_placer.py:423]: Routing SW50 with D48
[key_placer.py:425]: Using internal autorouter method
[board_modifier.py:522]: Routing at B.Cu layer
[board_modifier.py:539]: Netclass: Default, track width: 200000
[board_modifier.py:601]: Routing pad 'SW50:1' at (267652500, 78740000) with pad 'D48:2' at (276542500, 77580000) using coordinate system rotated by 0 degree(s)
[board_modifier.py:445]: Adding track segment (B.Cu): [(267652500, 78740000), (275382500, 78740000)]
[board_modifier.py:450]: Track added
[board_modifier.py:445]: Adding track segment (B.Cu): [(275382500, 78740000), (276542500, 77580000)]
[board_modifier.py:450]: Track added
[key_placer.py:423]: Routing SW2 with D16
[key_placer.py:425]: Using internal autorouter method
[board_modifier.py:518]: Could not route pads, no common layers found
[key_placer.py:423]: Routing SW8 with D6
[key_placer.py:425]: Using internal autorouter method
[board_modifier.py:522]: Routing at B.Cu layer
[board_modifier.py:539]: Netclass: Default, track width: 200000
[board_modifier.py:601]: Routing pad 'SW8:1' at (234315000, 40640000) with pad 'D6:2' at (243205000, 39480000) using coordinate system rotated by 0 degree(s)
[board_modifier.py:445]: Adding track segment (B.Cu): [(234315000, 40640000), (242045000, 40640000)]
[board_modifier.py:450]: Track added
[board_modifier.py:445]: Adding track segment (B.Cu): [(242045000, 40640000), (243205000, 39480000)]
[board_modifier.py:450]: Track added
[key_placer.py:423]: Routing SW58 with D56
[key_placer.py:425]: Using internal autorouter method
[board_modifier.py:522]: Routing at B.Cu layer
[board_modifier.py:539]: Netclass: Default, track width: 200000
[board_modifier.py:601]: Routing pad 'SW58:1' at (453390000, 78740000) with pad 'D56:2' at (462280000, 77580000) using coordinate system rotated by 0 degree(s)
[board_modifier.py:445]: Adding track segment (B.Cu): [(453390000, 78740000), (461120000, 78740000)]
[board_modifier.py:450]: Track added
[board_modifier.py:445]: Adding track segment (B.Cu): [(461120000, 78740000), (462280000, 77580000)]
[board_modifier.py:450]: Track added
[key_placer.py:423]: Routing SW86 with D81
[key_placer.py:425]: Using internal autorouter method
[board_modifier.py:522]: Routing at B.Cu layer
[board_modifier.py:539]: Netclass: Default, track width: 200000
[board_modifier.py:601]: Routing pad 'SW86:1' at (331946250, 116840000) with pad 'D81:2' at (340836250, 115680000) using coordinate system rotated by 0 degree(s)
[board_modifier.py:445]: Adding track segment (B.Cu): [(331946250, 116840000), (339676250, 116840000)]
[board_modifier.py:450]: Track added
[board_modifier.py:445]: Adding track segment (B.Cu): [(339676250, 116840000), (340836250, 115680000)]
[board_modifier.py:450]: Track added
[key_placer.py:423]: Routing SW5 with D3
[key_placer.py:425]: Using internal autorouter method
[board_modifier.py:522]: Routing at B.Cu layer
[board_modifier.py:539]: Netclass: Default, track width: 200000
[board_modifier.py:601]: Routing pad 'SW5:1' at (177165000, 40640000) with pad 'D3:2' at (186055000, 39480000) using coordinate system rotated by 0 degree(s)
[board_modifier.py:445]: Adding track segment (B.Cu): [(177165000, 40640000), (184895000, 40640000)]
[board_modifier.py:450]: Track added
[board_modifier.py:445]: Adding track segment (B.Cu): [(184895000, 40640000), (186055000, 39480000)]
[board_modifier.py:450]: Track added
[key_placer.py:423]: Routing SW6 with D4
[key_placer.py:425]: Using internal autorouter method
[board_modifier.py:522]: Routing at B.Cu layer
[board_modifier.py:539]: Netclass: Default, track width: 200000
[board_modifier.py:601]: Routing pad 'SW6:1' at (196215000, 40640000) with pad 'D4:2' at (205105000, 39480000) using coordinate system rotated by 0 degree(s)
[board_modifier.py:445]: Adding track segment (B.Cu): [(196215000, 40640000), (203945000, 40640000)]
[board_modifier.py:450]: Track added
[board_modifier.py:445]: Adding track segment (B.Cu): [(203945000, 40640000), (205105000, 39480000)]
[board_modifier.py:450]: Track added
[key_placer.py:423]: Routing SW75 with D69
[key_placer.py:425]: Using internal autorouter method
[board_modifier.py:522]: Routing at B.Cu layer
[board_modifier.py:539]: Netclass: Default, track width: 200000
[board_modifier.py:601]: Routing pad 'SW75:1' at (389096250, 97790000) with pad 'D69:2' at (397986250, 96630000) using coordinate system rotated by 0 degree(s)
[board_modifier.py:445]: Adding track segment (B.Cu): [(389096250, 97790000), (396826250, 97790000)]
[board_modifier.py:450]: Track added
[board_modifier.py:445]: Adding track segment (B.Cu): [(396826250, 97790000), (397986250, 96630000)]
[board_modifier.py:450]: Track added
[key_placer.py:423]: Routing SW48 with D46
[key_placer.py:425]: Using internal autorouter method
[board_modifier.py:522]: Routing at B.Cu layer
[board_modifier.py:539]: Netclass: Default, track width: 200000
[board_modifier.py:601]: Routing pad 'SW48:1' at (229552500, 78740000) with pad 'D46:2' at (238442500, 77580000) using coordinate system rotated by 0 degree(s)
[board_modifier.py:445]: Adding track segment (B.Cu): [(229552500, 78740000), (237282500, 78740000)]
[board_modifier.py:450]: Track added
[board_modifier.py:445]: Adding track segment (B.Cu): [(237282500, 78740000), (238442500, 77580000)]
[board_modifier.py:450]: Track added
[key_placer.py:423]: Routing SW14 with D12
[key_placer.py:425]: Using internal autorouter method
[board_modifier.py:522]: Routing at B.Cu layer
[board_modifier.py:539]: Netclass: Default, track width: 200000
[board_modifier.py:601]: Routing pad 'SW14:1' at (348615000, 40640000) with pad 'D12:2' at (357505000, 39480000) using coordinate system rotated by 0 degree(s)
[board_modifier.py:445]: Adding track segment (B.Cu): [(348615000, 40640000), (356345000, 40640000)]
[board_modifier.py:450]: Track added
[board_modifier.py:445]: Adding track segment (B.Cu): [(356345000, 40640000), (357505000, 39480000)]
[board_modifier.py:450]: Track added
[key_placer.py:423]: Routing SW89 with D84
[key_placer.py:425]: Using internal autorouter method
[board_modifier.py:522]: Routing at B.Cu layer
[board_modifier.py:539]: Netclass: Default, track width: 200000
[board_modifier.py:601]: Routing pad 'SW89:1' at (453390000, 116840000) with pad 'D84:2' at (462280000, 115680000) using coordinate system rotated by 0 degree(s)
[board_modifier.py:445]: Adding track segment (B.Cu): [(453390000, 116840000), (461120000, 116840000)]
[board_modifier.py:450]: Track added
[board_modifier.py:445]: Adding track segment (B.Cu): [(461120000, 116840000), (462280000, 115680000)]
[board_modifier.py:450]: Track added
[key_placer.py:423]: Routing SW24 with D23
[key_placer.py:425]: Using internal autorouter method
[board_modifier.py:522]: Routing at B.Cu layer
[board_modifier.py:539]: Netclass: Default, track width: 200000
[board_modifier.py:601]: Routing pad 'SW24:1' at (143827500, 59690000) with pad 'D23:2' at (152717500, 58530000) using coordinate system rotated by 0 degree(s)
[board_modifier.py:445]: Adding track segment (B.Cu): [(143827500, 59690000), (151557500, 59690000)]
[board_modifier.py:450]: Track added
[board_modifier.py:445]: Adding track segment (B.Cu): [(151557500, 59690000), (152717500, 58530000)]
[board_modifier.py:450]: Track added
[key_placer.py:423]: Routing SW12 with D10
[key_placer.py:425]: Using internal autorouter method
[board_modifier.py:522]: Routing at B.Cu layer
[board_modifier.py:539]: Netclass: Default, track width: 200000
[board_modifier.py:601]: Routing pad 'SW12:1' at (310515000, 40640000) with pad 'D10:2' at (319405000, 39480000) using coordinate system rotated by 0 degree(s)
[board_modifier.py:445]: Adding track segment (B.Cu): [(310515000, 40640000), (318245000, 40640000)]
[board_modifier.py:450]: Track added
[board_modifier.py:445]: Adding track segment (B.Cu): [(318245000, 40640000), (319405000, 39480000)]
[board_modifier.py:450]: Track added
[key_placer.py:423]: Routing SW45 with D43
[key_placer.py:425]: Using internal autorouter method
[board_modifier.py:522]: Routing at B.Cu layer
[board_modifier.py:539]: Netclass: Default, track width: 200000
[board_modifier.py:601]: Routing pad 'SW45:1' at (172402500, 78740000) with pad 'D43:2' at (181292500, 77580000) using coordinate system rotated by 0 degree(s)
[board_modifier.py:445]: Adding track segment (B.Cu): [(172402500, 78740000), (180132500, 78740000)]
[board_modifier.py:450]: Track added
[board_modifier.py:445]: Adding track segment (B.Cu): [(180132500, 78740000), (181292500, 77580000)]
[board_modifier.py:450]: Track added
[key_placer.py:423]: Routing SW38 with D37
[key_placer.py:425]: Using internal autorouter method
[board_modifier.py:522]: Routing at B.Cu layer
[board_modifier.py:539]: Netclass: Default, track width: 200000
[board_modifier.py:601]: Routing pad 'SW38:1' at (434340000, 59690000) with pad 'D37:2' at (443230000, 58530000) using coordinate system rotated by 0 degree(s)
[board_modifier.py:445]: Adding track segment (B.Cu): [(434340000, 59690000), (442070000, 59690000)]
[board_modifier.py:450]: Track added
[board_modifier.py:445]: Adding track segment (B.Cu): [(442070000, 59690000), (443230000, 58530000)]
[board_modifier.py:450]: Track added
[key_placer.py:423]: Routing SW59 with D57
[key_placer.py:425]: Using internal autorouter method
[board_modifier.py:522]: Routing at B.Cu layer
[board_modifier.py:539]: Netclass: Default, track width: 200000
[board_modifier.py:601]: Routing pad 'SW59:1' at (472440000, 78740000) with pad 'D57:2' at (481330000, 77580000) using coordinate system rotated by 0 degree(s)
[board_modifier.py:445]: Adding track segment (B.Cu): [(472440000, 78740000), (480170000, 78740000)]
[board_modifier.py:450]: Track added
[board_modifier.py:445]: Adding track segment (B.Cu): [(480170000, 78740000), (481330000, 77580000)]
[board_modifier.py:450]: Track added
[key_placer.py:423]: Routing SW81 with D76
[key_placer.py:425]: Using internal autorouter method
[board_modifier.py:522]: Routing at B.Cu layer
[board_modifier.py:539]: Netclass: Default, track width: 200000
[board_modifier.py:601]: Routing pad 'SW81:1' at (91440000, 116840000) with pad 'D76:2' at (100330000, 115680000) using coordinate system rotated by 0 degree(s)
[board_modifier.py:445]: Adding track segment (B.Cu): [(91440000, 116840000), (99170000, 116840000)]
[board_modifier.py:450]: Track added
[board_modifier.py:445]: Adding track segment (B.Cu): [(99170000, 116840000), (100330000, 115680000)]
[board_modifier.py:450]: Track added
[key_placer.py:423]: Routing SW16 with D14
[key_placer.py:425]: Using internal autorouter method
[board_modifier.py:522]: Routing at B.Cu layer
[board_modifier.py:539]: Netclass: Default, track width: 200000
[board_modifier.py:601]: Routing pad 'SW16:1' at (396240000, 40640000) with pad 'D14:2' at (405130000, 39480000) using coordinate system rotated by 0 degree(s)
[board_modifier.py:445]: Adding track segment (B.Cu): [(396240000, 40640000), (403970000, 40640000)]
[board_modifier.py:450]: Track added
[board_modifier.py:445]: Adding track segment (B.Cu): [(403970000, 40640000), (405130000, 39480000)]
[board_modifier.py:450]: Track added
[key_placer.py:423]: Routing SW85 with D80
[key_placer.py:425]: Using internal autorouter method
[board_modifier.py:522]: Routing at B.Cu layer
[board_modifier.py:539]: Netclass: Default, track width: 200000
[board_modifier.py:601]: Routing pad 'SW85:1' at (260508750, 116840000) with pad 'D80:2' at (269398750, 115680000) using coordinate system rotated by 0 degree(s)
[board_modifier.py:445]: Adding track segment (B.Cu): [(260508750, 116840000), (268238750, 116840000)]
[board_modifier.py:450]: Track added
[board_modifier.py:445]: Adding track segment (B.Cu): [(268238750, 116840000), (269398750, 115680000)]
[board_modifier.py:450]: Track added
[key_placer.py:423]: Routing SW35 with D34
[key_placer.py:425]: Using internal autorouter method
[board_modifier.py:522]: Routing at B.Cu layer
[board_modifier.py:539]: Netclass: Default, track width: 200000
[board_modifier.py:601]: Routing pad 'SW35:1' at (358140000, 59690000) with pad 'D34:2' at (367030000, 58530000) using coordinate system rotated by 0 degree(s)
[board_modifier.py:445]: Adding track segment (B.Cu): [(358140000, 59690000), (365870000, 59690000)]
[board_modifier.py:450]: Track added
[board_modifier.py:445]: Adding track segment (B.Cu): [(365870000, 59690000), (367030000, 58530000)]
[board_modifier.py:450]: Track added
[key_placer.py:423]: Routing SW68 with D62
[key_placer.py:425]: Using internal autorouter method
[board_modifier.py:522]: Routing at B.Cu layer
[board_modifier.py:539]: Netclass: Default, track width: 200000
[board_modifier.py:601]: Routing pad 'SW68:1' at (239077500, 97790000) with pad 'D62:2' at (247967500, 96630000) using coordinate system rotated by 0 degree(s)
[board_modifier.py:445]: Adding track segment (B.Cu): [(239077500, 97790000), (246807500, 97790000)]
[board_modifier.py:450]: Track added
[board_modifier.py:445]: Adding track segment (B.Cu): [(246807500, 97790000), (247967500, 96630000)]
[board_modifier.py:450]: Track added
[key_placer.py:423]: Routing SW52 with D50
[key_placer.py:425]: Using internal autorouter method
[board_modifier.py:522]: Routing at B.Cu layer
[board_modifier.py:539]: Netclass: Default, track width: 200000
[board_modifier.py:601]: Routing pad 'SW52:1' at (305752500, 78740000) with pad 'D50:2' at (314642500, 77580000) using coordinate system rotated by 0 degree(s)
[board_modifier.py:445]: Adding track segment (B.Cu): [(305752500, 78740000), (313482500, 78740000)]
[board_modifier.py:450]: Track added
[board_modifier.py:445]: Adding track segment (B.Cu): [(313482500, 78740000), (314642500, 77580000)]
[board_modifier.py:450]: Track added
[key_placer.py:423]: Routing SW82 with D77
[key_placer.py:425]: Using internal autorouter method
[board_modifier.py:522]: Routing at B.Cu layer
[board_modifier.py:539]: Netclass: Default, track width: 200000
[board_modifier.py:601]: Routing pad 'SW82:1' at (110490000, 116840000) with pad 'D77:2' at (119380000, 115680000) using coordinate system rotated by 0 degree(s)
[board_modifier.py:445]: Adding track segment (B.Cu): [(110490000, 116840000), (118220000, 116840000)]
[board_modifier.py:450]: Track added
[board_modifier.py:445]: Adding track segment (B.Cu): [(118220000, 116840000), (119380000, 115680000)]
[board_modifier.py:450]: Track added
[key_placer.py:423]: Routing SW30 with D29
[key_placer.py:425]: Using internal autorouter method
[board_modifier.py:522]: Routing at B.Cu layer
[board_modifier.py:539]: Netclass: Default, track width: 200000
[board_modifier.py:601]: Routing pad 'SW30:1' at (262890000, 59690000) with pad 'D29:2' at (271780000, 58530000) using coordinate system rotated by 0 degree(s)
[board_modifier.py:445]: Adding track segment (B.Cu): [(262890000, 59690000), (270620000, 59690000)]
[board_modifier.py:450]: Track added
[board_modifier.py:445]: Adding track segment (B.Cu): [(270620000, 59690000), (271780000, 58530000)]
[board_modifier.py:450]: Track added
[key_placer.py:423]: Routing SW51 with D49
[key_placer.py:425]: Using internal autorouter method
[board_modifier.py:522]: Routing at B.Cu layer
[board_modifier.py:539]: Netclass: Default, track width: 200000
[board_modifier.py:601]: Routing pad 'SW51:1' at (286702500, 78740000) with pad 'D49:2' at (295592500, 77580000) using coordinate system rotated by 0 degree(s)
[board_modifier.py:445]: Adding track segment (B.Cu): [(286702500, 78740000), (294432500, 78740000)]
[board_modifier.py:450]: Track added
[board_modifier.py:445]: Adding track segment (B.Cu): [(294432500, 78740000), (295592500, 77580000)]
[board_modifier.py:450]: Track added
[key_placer.py:423]: Routing SW34 with D33
[key_placer.py:425]: Using internal autorouter method
[board_modifier.py:522]: Routing at B.Cu layer
[board_modifier.py:539]: Netclass: Default, track width: 200000
[board_modifier.py:601]: Routing pad 'SW34:1' at (339090000, 59690000) with pad 'D33:2' at (347980000, 58530000) using coordinate system rotated by 0 degree(s)
[board_modifier.py:445]: Adding track segment (B.Cu): [(339090000, 59690000), (346820000, 59690000)]
[board_modifier.py:450]: Track added
[board_modifier.py:445]: Adding track segment (B.Cu): [(346820000, 59690000), (347980000, 58530000)]
[board_modifier.py:450]: Track added
[key_placer.py:423]: Routing SW88 with D83
[key_placer.py:425]: Using internal autorouter method
[board_modifier.py:522]: Routing at B.Cu layer
[board_modifier.py:539]: Netclass: Default, track width: 200000
[board_modifier.py:601]: Routing pad 'SW88:1' at (434340000, 116840000) with pad 'D83:2' at (443230000, 115680000) using coordinate system rotated by 0 degree(s)
[board_modifier.py:445]: Adding track segment (B.Cu): [(434340000, 116840000), (442070000, 116840000)]
[board_modifier.py:450]: Track added
[board_modifier.py:445]: Adding track segment (B.Cu): [(442070000, 116840000), (443230000, 115680000)]
[board_modifier.py:450]: Track added
[key_placer.py:423]: Routing SW42 with D40
[key_placer.py:425]: Using internal autorouter method
[board_modifier.py:522]: Routing at B.Cu layer
[board_modifier.py:539]: Netclass: Default, track width: 200000
[board_modifier.py:601]: Routing pad 'SW42:1' at (91440000, 78740000) with pad 'D40:2' at (100330000, 77580000) using coordinate system rotated by 0 degree(s)
[board_modifier.py:445]: Adding track segment (B.Cu): [(91440000, 78740000), (99170000, 78740000)]
[board_modifier.py:450]: Track added
[board_modifier.py:445]: Adding track segment (B.Cu): [(99170000, 78740000), (100330000, 77580000)]
[board_modifier.py:450]: Track added
[key_placer.py:423]: Routing SW15 with D13
[key_placer.py:425]: Using internal autorouter method
[board_modifier.py:522]: Routing at B.Cu layer
[board_modifier.py:539]: Netclass: Default, track width: 200000
[board_modifier.py:601]: Routing pad 'SW15:1' at (367665000, 40640000) with pad 'D13:2' at (376555000, 39480000) using coordinate system rotated by 0 degree(s)
[board_modifier.py:445]: Adding track segment (B.Cu): [(367665000, 40640000), (375395000, 40640000)]
[board_modifier.py:450]: Track added
[board_modifier.py:445]: Adding track segment (B.Cu): [(375395000, 40640000), (376555000, 39480000)]
[board_modifier.py:450]: Track added
[key_placer.py:423]: Routing SW4 with D2
[key_placer.py:425]: Using internal autorouter method
[board_modifier.py:522]: Routing at B.Cu layer
[board_modifier.py:539]: Netclass: Default, track width: 200000
[board_modifier.py:601]: Routing pad 'SW4:1' at (158115000, 40640000) with pad 'D2:2' at (167005000, 39480000) using coordinate system rotated by 0 degree(s)
[board_modifier.py:445]: Adding track segment (B.Cu): [(158115000, 40640000), (165845000, 40640000)]
[board_modifier.py:450]: Track added
[board_modifier.py:445]: Adding track segment (B.Cu): [(165845000, 40640000), (167005000, 39480000)]
[board_modifier.py:450]: Track added
[key_placer.py:423]: Routing SW39 with D38
[key_placer.py:425]: Using internal autorouter method
[board_modifier.py:522]: Routing at B.Cu layer
[board_modifier.py:539]: Netclass: Default, track width: 200000
[board_modifier.py:601]: Routing pad 'SW39:1' at (453390000, 59690000) with pad 'D38:2' at (462280000, 58530000) using coordinate system rotated by 0 degree(s)
[board_modifier.py:445]: Adding track segment (B.Cu): [(453390000, 59690000), (461120000, 59690000)]
[board_modifier.py:450]: Track added
[board_modifier.py:445]: Adding track segment (B.Cu): [(461120000, 59690000), (462280000, 58530000)]
[board_modifier.py:450]: Track added
[key_placer.py:423]: Routing SW74 with D68
[key_placer.py:425]: Using internal autorouter method
[board_modifier.py:522]: Routing at B.Cu layer
[board_modifier.py:539]: Netclass: Default, track width: 200000
[board_modifier.py:601]: Routing pad 'SW74:1' at (353377500, 97790000) with pad 'D68:2' at (362267500, 96630000) using coordinate system rotated by 0 degree(s)
[board_modifier.py:445]: Adding track segment (B.Cu): [(353377500, 97790000), (361107500, 97790000)]
[board_modifier.py:450]: Track added
[board_modifier.py:445]: Adding track segment (B.Cu): [(361107500, 97790000), (362267500, 96630000)]
[board_modifier.py:450]: Track added
[key_placer.py:423]: Routing SW18 with D17
[key_placer.py:425]: Using internal autorouter method
[board_modifier.py:522]: Routing at B.Cu layer
[board_modifier.py:539]: Netclass: Default, track width: 200000
[board_modifier.py:601]: Routing pad 'SW18:1' at (453390000, 40640000) with pad 'D17:2' at (462280000, 39480000) using coordinate system rotated by 0 degree(s)
[board_modifier.py:445]: Adding track segment (B.Cu): [(453390000, 40640000), (461120000, 40640000)]
[board_modifier.py:450]: Track added
[board_modifier.py:445]: Adding track segment (B.Cu): [(461120000, 40640000), (462280000, 39480000)]
[board_modifier.py:450]: Track added
[key_placer.py:423]: Routing SW90 with D85
[key_placer.py:425]: Using internal autorouter method
[board_modifier.py:522]: Routing at B.Cu layer
[board_modifier.py:539]: Netclass: Default, track width: 200000
[board_modifier.py:601]: Routing pad 'SW90:1' at (472440000, 116840000) with pad 'D85:2' at (481330000, 115680000) using coordinate system rotated by 0 degree(s)
[board_modifier.py:445]: Adding track segment (B.Cu): [(472440000, 116840000), (480170000, 116840000)]
[board_modifier.py:450]: Track added
[board_modifier.py:445]: Adding track segment (B.Cu): [(480170000, 116840000), (481330000, 115680000)]
[board_modifier.py:450]: Track added
[key_placer.py:423]: Routing SW79 with D74
[key_placer.py:425]: Using internal autorouter method
[board_modifier.py:522]: Routing at B.Cu layer
[board_modifier.py:539]: Netclass: Default, track width: 200000
[board_modifier.py:601]: Routing pad 'SW79:1' at (503396250, 97790000) with pad 'D74:2' at (512286250, 96630000) using coordinate system rotated by 0 degree(s)
[board_modifier.py:445]: Adding track segment (B.Cu): [(503396250, 97790000), (511126250, 97790000)]
[board_modifier.py:450]: Track added
[board_modifier.py:445]: Adding track segment (B.Cu): [(511126250, 97790000), (512286250, 96630000)]
[board_modifier.py:450]: Track added
[key_placer.py:423]: Routing SW72 with D66
[key_placer.py:425]: Using internal autorouter method
[board_modifier.py:522]: Routing at B.Cu layer
[board_modifier.py:539]: Netclass: Default, track width: 200000
[board_modifier.py:601]: Routing pad 'SW72:1' at (315277500, 97790000) with pad 'D66:2' at (324167500, 96630000) using coordinate system rotated by 0 degree(s)
[board_modifier.py:445]: Adding track segment (B.Cu): [(315277500, 97790000), (323007500, 97790000)]
[board_modifier.py:450]: Track added
[board_modifier.py:445]: Adding track segment (B.Cu): [(323007500, 97790000), (324167500, 96630000)]
[board_modifier.py:450]: Track added
[key_placer.py:423]: Routing SW17 with D15
[key_placer.py:425]: Using internal autorouter method
[board_modifier.py:522]: Routing at B.Cu layer
[board_modifier.py:539]: Netclass: Default, track width: 200000
[board_modifier.py:601]: Routing pad 'SW17:1' at (434340000, 40640000) with pad 'D15:2' at (443230000, 39480000) using coordinate system rotated by 0 degree(s)
[board_modifier.py:445]: Adding track segment (B.Cu): [(434340000, 40640000), (442070000, 40640000)]
[board_modifier.py:450]: Track added
[board_modifier.py:445]: Adding track segment (B.Cu): [(442070000, 40640000), (443230000, 39480000)]
[board_modifier.py:450]: Track added
[key_placer.py:423]: Routing SW60 with D72
[key_placer.py:425]: Using internal autorouter method
[board_modifier.py:522]: Routing at B.Cu layer
[board_modifier.py:539]: Netclass: Default, track width: 200000
[board_modifier.py:601]: Routing pad 'SW60:1' at (46196250, 97790000) with pad 'D72:2' at (55086250, 96630000) using coordinate system rotated by 0 degree(s)
[board_modifier.py:445]: Adding track segment (B.Cu): [(46196250, 97790000), (53926250, 97790000)]
[board_modifier.py:450]: Track added
[board_modifier.py:445]: Adding track segment (B.Cu): [(53926250, 97790000), (55086250, 96630000)]
[board_modifier.py:450]: Track added
[key_placer.py:423]: Routing SW63 with D60
[key_placer.py:425]: Using internal autorouter method
[board_modifier.py:518]: Could not route pads, no common layers found
[key_placer.py:423]: Routing SW20 with D19
[key_placer.py:425]: Using internal autorouter method
[board_modifier.py:522]: Routing at B.Cu layer
[board_modifier.py:539]: Netclass: Default, track width: 200000
[board_modifier.py:601]: Routing pad 'SW20:1' at (496252500, 40640000) with pad 'D19:2' at (505142500, 39480000) using coordinate system rotated by 0 degree(s)
[board_modifier.py:445]: Adding track segment (B.Cu): [(496252500, 40640000), (503982500, 40640000)]
[board_modifier.py:450]: Track added
[board_modifier.py:445]: Adding track segment (B.Cu): [(503982500, 40640000), (505142500, 39480000)]
[board_modifier.py:450]: Track added
[key_placer.py:423]: Routing SW44 with D42
[key_placer.py:425]: Using internal autorouter method
[board_modifier.py:522]: Routing at B.Cu layer
[board_modifier.py:539]: Netclass: Default, track width: 200000
[board_modifier.py:601]: Routing pad 'SW44:1' at (146208750, 78740000) with pad 'D42:2' at (55086250, 77580000) using coordinate system rotated by 0 degree(s)
[board_modifier.py:445]: Adding track segment (B.Cu): [(146208750, 78740000), (56246250, 78740000)]
[board_modifier.py:455]: Could not add track segment due to detected collision
[board_modifier.py:445]: Adding track segment (B.Cu): [(146208750, 78740000), (145048750, 77580000)]
[board_modifier.py:450]: Track added
[board_modifier.py:445]: Adding track segment (B.Cu): [(145048750, 77580000), (55086250, 77580000)]
[board_modifier.py:455]: Could not add track segment due to detected collision
[key_placer.py:423]: Routing SW57 with D55
[key_placer.py:425]: Using internal autorouter method
[board_modifier.py:522]: Routing at B.Cu layer
[board_modifier.py:539]: Netclass: Default, track width: 200000
[board_modifier.py:601]: Routing pad 'SW57:1' at (434340000, 78740000) with pad 'D55:2' at (443230000, 77580000) using coordinate system rotated by 0 degree(s)
[board_modifier.py:445]: Adding track segment (B.Cu): [(434340000, 78740000), (442070000, 78740000)]
[board_modifier.py:450]: Track added
[board_modifier.py:445]: Adding track segment (B.Cu): [(442070000, 78740000), (443230000, 77580000)]
[board_modifier.py:450]: Track added
[key_placer.py:423]: Routing SW29 with D28
[key_placer.py:425]: Using internal autorouter method
[board_modifier.py:522]: Routing at B.Cu layer
[board_modifier.py:539]: Netclass: Default, track width: 200000
[board_modifier.py:601]: Routing pad 'SW29:1' at (243840000, 59690000) with pad 'D28:2' at (252730000, 58530000) using coordinate system rotated by 0 degree(s)
[board_modifier.py:445]: Adding track segment (B.Cu): [(243840000, 59690000), (251570000, 59690000)]
[board_modifier.py:450]: Track added
[board_modifier.py:445]: Adding track segment (B.Cu): [(251570000, 59690000), (252730000, 58530000)]
[board_modifier.py:450]: Track added
[key_placer.py:423]: Routing SW31 with D30
[key_placer.py:425]: Using internal autorouter method
[board_modifier.py:522]: Routing at B.Cu layer
[board_modifier.py:539]: Netclass: Default, track width: 200000
[board_modifier.py:601]: Routing pad 'SW31:1' at (281940000, 59690000) with pad 'D30:2' at (290830000, 58530000) using coordinate system rotated by 0 degree(s)
[board_modifier.py:445]: Adding track segment (B.Cu): [(281940000, 59690000), (289670000, 59690000)]
[board_modifier.py:450]: Track added
[board_modifier.py:445]: Adding track segment (B.Cu): [(289670000, 59690000), (290830000, 58530000)]
[board_modifier.py:450]: Track added
[key_placer.py:423]: Routing SW47 with D45
[key_placer.py:425]: Using internal autorouter method
[board_modifier.py:522]: Routing at B.Cu layer
[board_modifier.py:539]: Netclass: Default, track width: 200000
[board_modifier.py:601]: Routing pad 'SW47:1' at (210502500, 78740000) with pad 'D45:2' at (219392500, 77580000) using coordinate system rotated by 0 degree(s)
[board_modifier.py:445]: Adding track segment (B.Cu): [(210502500, 78740000), (218232500, 78740000)]
[board_modifier.py:450]: Track added
[board_modifier.py:445]: Adding track segment (B.Cu): [(218232500, 78740000), (219392500, 77580000)]
[board_modifier.py:450]: Track added
[key_placer.py:423]: Routing SW46 with D44
[key_placer.py:425]: Using internal autorouter method
[board_modifier.py:522]: Routing at B.Cu layer
[board_modifier.py:539]: Netclass: Default, track width: 200000
[board_modifier.py:601]: Routing pad 'SW46:1' at (191452500, 78740000) with pad 'D44:2' at (200342500, 77580000) using coordinate system rotated by 0 degree(s)
[board_modifier.py:445]: Adding track segment (B.Cu): [(191452500, 78740000), (199182500, 78740000)]
[board_modifier.py:450]: Track added
[board_modifier.py:445]: Adding track segment (B.Cu): [(199182500, 78740000), (200342500, 77580000)]
[board_modifier.py:450]: Track added
[key_placer.py:423]: Routing SW83 with D78
[key_placer.py:425]: Using internal autorouter method
[board_modifier.py:522]: Routing at B.Cu layer
[board_modifier.py:539]: Netclass: Default, track width: 200000
[board_modifier.py:601]: Routing pad 'SW83:1' at (167640000, 116840000) with pad 'D78:2' at (176530000, 115680000) using coordinate system rotated by 0 degree(s)
[board_modifier.py:445]: Adding track segment (B.Cu): [(167640000, 116840000), (175370000, 116840000)]
[board_modifier.py:450]: Track added
[board_modifier.py:445]: Adding track segment (B.Cu): [(175370000, 116840000), (176530000, 115680000)]
[board_modifier.py:450]: Track added
[key_placer.py:423]: Routing SW43 with D41
[key_placer.py:425]: Using internal autorouter method
[board_modifier.py:522]: Routing at B.Cu layer
[board_modifier.py:539]: Netclass: Default, track width: 200000
[board_modifier.py:601]: Routing pad 'SW43:1' at (110490000, 78740000) with pad 'D41:2' at (119380000, 77580000) using coordinate system rotated by 0 degree(s)
[board_modifier.py:445]: Adding track segment (B.Cu): [(110490000, 78740000), (118220000, 78740000)]
[board_modifier.py:450]: Track added
[board_modifier.py:445]: Adding track segment (B.Cu): [(118220000, 78740000), (119380000, 77580000)]
[board_modifier.py:450]: Track added
[key_placer.py:423]: Routing SW55 with D53
[key_placer.py:425]: Using internal autorouter method
[board_modifier.py:522]: Routing at B.Cu layer
[board_modifier.py:539]: Netclass: Default, track width: 200000
[board_modifier.py:601]: Routing pad 'SW55:1' at (362902500, 78740000) with pad 'D53:2' at (371792500, 77580000) using coordinate system rotated by 0 degree(s)
[board_modifier.py:445]: Adding track segment (B.Cu): [(362902500, 78740000), (370632500, 78740000)]
[board_modifier.py:450]: Track added
[board_modifier.py:445]: Adding track segment (B.Cu): [(370632500, 78740000), (371792500, 77580000)]
[board_modifier.py:450]: Track added
[key_placer.py:423]: Routing SW36 with D35
[key_placer.py:425]: Using internal autorouter method
[board_modifier.py:522]: Routing at B.Cu layer
[board_modifier.py:539]: Netclass: Default, track width: 200000
[board_modifier.py:601]: Routing pad 'SW36:1' at (377190000, 59690000) with pad 'D35:2' at (386080000, 58530000) using coordinate system rotated by 0 degree(s)
[board_modifier.py:445]: Adding track segment (B.Cu): [(377190000, 59690000), (384920000, 59690000)]
[board_modifier.py:450]: Track added
[board_modifier.py:445]: Adding track segment (B.Cu): [(384920000, 59690000), (386080000, 58530000)]
[board_modifier.py:450]: Track added
[key_placer.py:423]: Routing SW77 with D71
[key_placer.py:425]: Using internal autorouter method
[board_modifier.py:522]: Routing at B.Cu layer
[board_modifier.py:539]: Netclass: Default, track width: 200000
[board_modifier.py:601]: Routing pad 'SW77:1' at (453390000, 97790000) with pad 'D71:2' at (462280000, 96630000) using coordinate system rotated by 0 degree(s)
[board_modifier.py:445]: Adding track segment (B.Cu): [(453390000, 97790000), (461120000, 97790000)]
[board_modifier.py:450]: Track added
[board_modifier.py:445]: Adding track segment (B.Cu): [(461120000, 97790000), (462280000, 96630000)]
[board_modifier.py:450]: Track added
[key_placer.py:423]: Routing SW19 with D18
[key_placer.py:425]: Using internal autorouter method
[board_modifier.py:522]: Routing at B.Cu layer
[board_modifier.py:539]: Netclass: Default, track width: 200000
[board_modifier.py:601]: Routing pad 'SW19:1' at (472440000, 40640000) with pad 'D18:2' at (481330000, 39480000) using coordinate system rotated by 0 degree(s)
[board_modifier.py:445]: Adding track segment (B.Cu): [(472440000, 40640000), (480170000, 40640000)]
[board_modifier.py:450]: Track added
[board_modifier.py:445]: Adding track segment (B.Cu): [(480170000, 40640000), (481330000, 39480000)]
[board_modifier.py:450]: Track added
[key_placer.py:423]: Routing SW1 with D16
[key_placer.py:425]: Using internal autorouter method
[board_modifier.py:522]: Routing at B.Cu layer
[board_modifier.py:539]: Netclass: Default, track width: 200000
[board_modifier.py:601]: Routing pad 'SW1:1' at (91440000, 40640000) with pad 'D16:2' at (100330000, 39480000) using coordinate system rotated by 0 degree(s)
[board_modifier.py:445]: Adding track segment (B.Cu): [(91440000, 40640000), (99170000, 40640000)]
[board_modifier.py:450]: Track added
[board_modifier.py:445]: Adding track segment (B.Cu): [(99170000, 40640000), (100330000, 39480000)]
[board_modifier.py:450]: Track added
[key_placer.py:423]: Routing SW25 with D24
[key_placer.py:425]: Using internal autorouter method
[board_modifier.py:522]: Routing at B.Cu layer
[board_modifier.py:539]: Netclass: Default, track width: 200000
[board_modifier.py:601]: Routing pad 'SW25:1' at (167640000, 59690000) with pad 'D24:2' at (176530000, 58530000) using coordinate system rotated by 0 degree(s)
[board_modifier.py:445]: Adding track segment (B.Cu): [(167640000, 59690000), (175370000, 59690000)]
[board_modifier.py:450]: Track added
[board_modifier.py:445]: Adding track segment (B.Cu): [(175370000, 59690000), (176530000, 58530000)]
[board_modifier.py:450]: Track added
[key_placer.py:423]: Routing SW73 with D67
[key_placer.py:425]: Using internal autorouter method
[board_modifier.py:522]: Routing at B.Cu layer
[board_modifier.py:539]: Netclass: Default, track width: 200000
[board_modifier.py:601]: Routing pad 'SW73:1' at (334327500, 97790000) with pad 'D67:2' at (343217500, 96630000) using coordinate system rotated by 0 degree(s)
[board_modifier.py:445]: Adding track segment (B.Cu): [(334327500, 97790000), (342057500, 97790000)]
[board_modifier.py:450]: Track added
[board_modifier.py:445]: Adding track segment (B.Cu): [(342057500, 97790000), (343217500, 96630000)]
[board_modifier.py:450]: Track added
[key_placer.py:423]: Routing SW70 with D64
[key_placer.py:425]: Using internal autorouter method
[board_modifier.py:522]: Routing at B.Cu layer
[board_modifier.py:539]: Netclass: Default, track width: 200000
[board_modifier.py:601]: Routing pad 'SW70:1' at (277177500, 97790000) with pad 'D64:2' at (286067500, 96630000) using coordinate system rotated by 0 degree(s)
[board_modifier.py:445]: Adding track segment (B.Cu): [(277177500, 97790000), (284907500, 97790000)]
[board_modifier.py:450]: Track added
[board_modifier.py:445]: Adding track segment (B.Cu): [(284907500, 97790000), (286067500, 96630000)]
[board_modifier.py:450]: Track added
[key_placer.py:423]: Routing SW54 with D52
[key_placer.py:425]: Using internal autorouter method
[board_modifier.py:522]: Routing at B.Cu layer
[board_modifier.py:539]: Netclass: Default, track width: 200000
[board_modifier.py:601]: Routing pad 'SW54:1' at (343852500, 78740000) with pad 'D52:2' at (352742500, 77580000) using coordinate system rotated by 0 degree(s)
[board_modifier.py:445]: Adding track segment (B.Cu): [(343852500, 78740000), (351582500, 78740000)]
[board_modifier.py:450]: Track added
[board_modifier.py:445]: Adding track segment (B.Cu): [(351582500, 78740000), (352742500, 77580000)]
[board_modifier.py:450]: Track added
[key_placer.py:423]: Routing SW28 with D27
[key_placer.py:425]: Using internal autorouter method
[board_modifier.py:522]: Routing at B.Cu layer
[board_modifier.py:539]: Netclass: Default, track width: 200000
[board_modifier.py:601]: Routing pad 'SW28:1' at (224790000, 59690000) with pad 'D27:2' at (233680000, 58530000) using coordinate system rotated by 0 degree(s)
[board_modifier.py:445]: Adding track segment (B.Cu): [(224790000, 59690000), (232520000, 59690000)]
[board_modifier.py:450]: Track added
[board_modifier.py:445]: Adding track segment (B.Cu): [(232520000, 59690000), (233680000, 58530000)]
[board_modifier.py:450]: Track added
[key_placer.py:423]: Routing SW41 with D42
[key_placer.py:425]: Using internal autorouter method
[board_modifier.py:522]: Routing at B.Cu layer
[board_modifier.py:539]: Netclass: Default, track width: 200000
[board_modifier.py:601]: Routing pad 'SW41:1' at (46196250, 78740000) with pad 'D42:2' at (55086250, 77580000) using coordinate system rotated by 0 degree(s)
[board_modifier.py:445]: Adding track segment (B.Cu): [(46196250, 78740000), (53926250, 78740000)]
[board_modifier.py:450]: Track added
[board_modifier.py:445]: Adding track segment (B.Cu): [(53926250, 78740000), (55086250, 77580000)]
[board_modifier.py:450]: Track added
[key_placer.py:423]: Routing SW56 with D54
[key_placer.py:425]: Using internal autorouter method
[board_modifier.py:522]: Routing at B.Cu layer
[board_modifier.py:539]: Netclass: Default, track width: 200000
[board_modifier.py:601]: Routing pad 'SW56:1' at (393858750, 78740000) with pad 'D54:2' at (402748750, 77580000) using coordinate system rotated by 0 degree(s)
[board_modifier.py:445]: Adding track segment (B.Cu): [(393858750, 78740000), (401588750, 78740000)]
[board_modifier.py:450]: Track added
[board_modifier.py:445]: Adding track segment (B.Cu): [(401588750, 78740000), (402748750, 77580000)]
[board_modifier.py:450]: Track added
[key_placer.py:423]: Routing SW87 with D82
[key_placer.py:425]: Using internal autorouter method
[board_modifier.py:522]: Routing at B.Cu layer
[board_modifier.py:539]: Netclass: Default, track width: 200000
[board_modifier.py:601]: Routing pad 'SW87:1' at (353377500, 116840000) with pad 'D82:2' at (362267500, 115680000) using coordinate system rotated by 0 degree(s)
[board_modifier.py:445]: Adding track segment (B.Cu): [(353377500, 116840000), (361107500, 116840000)]
[board_modifier.py:450]: Track added
[board_modifier.py:445]: Adding track segment (B.Cu): [(361107500, 116840000), (362267500, 115680000)]
[board_modifier.py:450]: Track added
[key_placer.py:423]: Routing SW23 with D22
[key_placer.py:425]: Using internal autorouter method
[board_modifier.py:522]: Routing at B.Cu layer
[board_modifier.py:539]: Netclass: Default, track width: 200000
[board_modifier.py:601]: Routing pad 'SW23:1' at (110490000, 59690000) with pad 'D22:2' at (119380000, 58530000) using coordinate system rotated by 0 degree(s)
[board_modifier.py:445]: Adding track segment (B.Cu): [(110490000, 59690000), (118220000, 59690000)]
[board_modifier.py:450]: Track added
[board_modifier.py:445]: Adding track segment (B.Cu): [(118220000, 59690000), (119380000, 58530000)]
[board_modifier.py:450]: Track added
[key_placer.py:423]: Routing SW9 with D7
[key_placer.py:425]: Using internal autorouter method
[board_modifier.py:522]: Routing at B.Cu layer
[board_modifier.py:539]: Netclass: Default, track width: 200000
[board_modifier.py:601]: Routing pad 'SW9:1' at (253365000, 40640000) with pad 'D7:2' at (262255000, 39480000) using coordinate system rotated by 0 degree(s)
[board_modifier.py:445]: Adding track segment (B.Cu): [(253365000, 40640000), (261095000, 40640000)]
[board_modifier.py:450]: Track added
[board_modifier.py:445]: Adding track segment (B.Cu): [(261095000, 40640000), (262255000, 39480000)]
[board_modifier.py:450]: Track added
[key_placer.py:423]: Routing SW53 with D51
[key_placer.py:425]: Using internal autorouter method
[board_modifier.py:522]: Routing at B.Cu layer
[board_modifier.py:539]: Netclass: Default, track width: 200000
[board_modifier.py:601]: Routing pad 'SW53:1' at (324802500, 78740000) with pad 'D51:2' at (333692500, 77580000) using coordinate system rotated by 0 degree(s)
[board_modifier.py:445]: Adding track segment (B.Cu): [(324802500, 78740000), (332532500, 78740000)]
[board_modifier.py:450]: Track added
[board_modifier.py:445]: Adding track segment (B.Cu): [(332532500, 78740000), (333692500, 77580000)]
[board_modifier.py:450]: Track added
[key_placer.py:423]: Routing SW37 with D36
[key_placer.py:425]: Using internal autorouter method
[board_modifier.py:522]: Routing at B.Cu layer
[board_modifier.py:539]: Netclass: Default, track width: 200000
[board_modifier.py:601]: Routing pad 'SW37:1' at (401002500, 59690000) with pad 'D36:2' at (409892500, 58530000) using coordinate system rotated by 0 degree(s)
[board_modifier.py:445]: Adding track segment (B.Cu): [(401002500, 59690000), (408732500, 59690000)]
[board_modifier.py:450]: Track added
[board_modifier.py:445]: Adding track segment (B.Cu): [(408732500, 59690000), (409892500, 58530000)]
[board_modifier.py:450]: Track added
[key_placer.py:423]: Routing SW78 with D73
[key_placer.py:425]: Using internal autorouter method
[board_modifier.py:522]: Routing at B.Cu layer
[board_modifier.py:539]: Netclass: Default, track width: 200000
[board_modifier.py:601]: Routing pad 'SW78:1' at (472440000, 97790000) with pad 'D73:2' at (481330000, 96630000) using coordinate system rotated by 0 degree(s)
[board_modifier.py:445]: Adding track segment (B.Cu): [(472440000, 97790000), (480170000, 97790000)]
[board_modifier.py:450]: Track added
[board_modifier.py:445]: Adding track segment (B.Cu): [(480170000, 97790000), (481330000, 96630000)]
[board_modifier.py:450]: Track added
[key_placer.py:423]: Routing SW80 with D75
[key_placer.py:425]: Using internal autorouter method
[board_modifier.py:522]: Routing at B.Cu layer
[board_modifier.py:539]: Netclass: Default, track width: 200000
[board_modifier.py:601]: Routing pad 'SW80:1' at (529590000, 97790000) with pad 'D75:2' at (538480000, 96630000) using coordinate system rotated by 0 degree(s)
[board_modifier.py:445]: Adding track segment (B.Cu): [(529590000, 97790000), (537320000, 97790000)]
[board_modifier.py:450]: Track added
[board_modifier.py:445]: Adding track segment (B.Cu): [(537320000, 97790000), (538480000, 96630000)]
[board_modifier.py:450]: Track added
[key_placer.py:423]: Routing SW76 with D70
[key_placer.py:425]: Using internal autorouter method
[board_modifier.py:522]: Routing at B.Cu layer
[board_modifier.py:539]: Netclass: Default, track width: 200000
[board_modifier.py:601]: Routing pad 'SW76:1' at (434340000, 97790000) with pad 'D70:2' at (443230000, 96630000) using coordinate system rotated by 0 degree(s)
[board_modifier.py:445]: Adding track segment (B.Cu): [(434340000, 97790000), (442070000, 97790000)]
[board_modifier.py:450]: Track added
[board_modifier.py:445]: Adding track segment (B.Cu): [(442070000, 97790000), (443230000, 96630000)]
[board_modifier.py:450]: Track added
[key_placer.py:423]: Routing SW69 with D63
[key_placer.py:425]: Using internal autorouter method
[board_modifier.py:522]: Routing at B.Cu layer
[board_modifier.py:539]: Netclass: Default, track width: 200000
[board_modifier.py:601]: Routing pad 'SW69:1' at (258127500, 97790000) with pad 'D63:2' at (267017500, 96630000) using coordinate system rotated by 0 degree(s)
[board_modifier.py:445]: Adding track segment (B.Cu): [(258127500, 97790000), (265857500, 97790000)]
[board_modifier.py:450]: Track added
[board_modifier.py:445]: Adding track segment (B.Cu): [(265857500, 97790000), (267017500, 96630000)]
[board_modifier.py:450]: Track added
[key_placer.py:423]: Routing SW65 with D61
[key_placer.py:425]: Using internal autorouter method
[board_modifier.py:522]: Routing at B.Cu layer
[board_modifier.py:539]: Netclass: Default, track width: 200000
[board_modifier.py:601]: Routing pad 'SW65:1' at (181927500, 97790000) with pad 'D61:2' at (190817500, 96630000) using coordinate system rotated by 0 degree(s)
[board_modifier.py:445]: Adding track segment (B.Cu): [(181927500, 97790000), (189657500, 97790000)]
[board_modifier.py:450]: Track added
[board_modifier.py:445]: Adding track segment (B.Cu): [(189657500, 97790000), (190817500, 96630000)]
[board_modifier.py:450]: Track added
[key_placer.py:423]: Routing SW84 with D79
[key_placer.py:425]: Using internal autorouter method
[board_modifier.py:522]: Routing at B.Cu layer
[board_modifier.py:539]: Netclass: Default, track width: 200000
[board_modifier.py:601]: Routing pad 'SW84:1' at (189071250, 116840000) with pad 'D79:2' at (197961250, 115680000) using coordinate system rotated by 0 degree(s)
[board_modifier.py:445]: Adding track segment (B.Cu): [(189071250, 116840000), (196801250, 116840000)]
[board_modifier.py:450]: Track added
[board_modifier.py:445]: Adding track segment (B.Cu): [(196801250, 116840000), (197961250, 115680000)]
[board_modifier.py:450]: Track added
[key_placer.py:423]: Routing SW66 with D58
[key_placer.py:425]: Using internal autorouter method
[board_modifier.py:522]: Routing at B.Cu layer
[board_modifier.py:539]: Netclass: Default, track width: 200000
[board_modifier.py:601]: Routing pad 'SW66:1' at (200977500, 97790000) with pad 'D58:2' at (209867500, 96630000) using coordinate system rotated by 0 degree(s)
[board_modifier.py:445]: Adding track segment (B.Cu): [(200977500, 97790000), (208707500, 97790000)]
[board_modifier.py:450]: Track added
[board_modifier.py:445]: Adding track segment (B.Cu): [(208707500, 97790000), (209867500, 96630000)]
[board_modifier.py:450]: Track added
[key_placer.py:423]: Routing SW7 with D5
[key_placer.py:425]: Using internal autorouter method
[board_modifier.py:522]: Routing at B.Cu layer
[board_modifier.py:539]: Netclass: Default, track width: 200000
[board_modifier.py:601]: Routing pad 'SW7:1' at (215265000, 40640000) with pad 'D5:2' at (224155000, 39480000) using coordinate system rotated by 0 degree(s)
[board_modifier.py:445]: Adding track segment (B.Cu): [(215265000, 40640000), (222995000, 40640000)]
[board_modifier.py:450]: Track added
[board_modifier.py:445]: Adding track segment (B.Cu): [(222995000, 40640000), (224155000, 39480000)]
[board_modifier.py:450]: Track added
[key_placer.py:423]: Routing SW62 with D72
[key_placer.py:425]: Using internal autorouter method
[board_modifier.py:518]: Could not route pads, no common layers found
[key_placer.py:423]: Routing SW26 with D25
[key_placer.py:425]: Using internal autorouter method
[board_modifier.py:522]: Routing at B.Cu layer
[board_modifier.py:539]: Netclass: Default, track width: 200000
[board_modifier.py:601]: Routing pad 'SW26:1' at (186690000, 59690000) with pad 'D25:2' at (195580000, 58530000) using coordinate system rotated by 0 degree(s)
[board_modifier.py:445]: Adding track segment (B.Cu): [(186690000, 59690000), (194420000, 59690000)]
[board_modifier.py:450]: Track added
[board_modifier.py:445]: Adding track segment (B.Cu): [(194420000, 59690000), (195580000, 58530000)]
[board_modifier.py:450]: Track added
[key_placer.py:423]: Routing SW22 with D21
[key_placer.py:425]: Using internal autorouter method
[board_modifier.py:522]: Routing at B.Cu layer
[board_modifier.py:539]: Netclass: Default, track width: 200000
[board_modifier.py:601]: Routing pad 'SW22:1' at (91440000, 59690000) with pad 'D21:2' at (100330000, 58530000) using coordinate system rotated by 0 degree(s)
[board_modifier.py:445]: Adding track segment (B.Cu): [(91440000, 59690000), (99170000, 59690000)]
[board_modifier.py:450]: Track added
[board_modifier.py:445]: Adding track segment (B.Cu): [(99170000, 59690000), (100330000, 58530000)]
[board_modifier.py:450]: Track added
[key_placer.py:423]: Routing SW33 with D32
[key_placer.py:425]: Using internal autorouter method
[board_modifier.py:522]: Routing at B.Cu layer
[board_modifier.py:539]: Netclass: Default, track width: 200000
[board_modifier.py:601]: Routing pad 'SW33:1' at (320040000, 59690000) with pad 'D32:2' at (328930000, 58530000) using coordinate system rotated by 0 degree(s)
[board_modifier.py:445]: Adding track segment (B.Cu): [(320040000, 59690000), (327770000, 59690000)]
[board_modifier.py:450]: Track added
[board_modifier.py:445]: Adding track segment (B.Cu): [(327770000, 59690000), (328930000, 58530000)]
[board_modifier.py:450]: Track added
[key_placer.py:423]: Routing SW71 with D65
[key_placer.py:425]: Using internal autorouter method
[board_modifier.py:522]: Routing at B.Cu layer
[board_modifier.py:539]: Netclass: Default, track width: 200000
[board_modifier.py:601]: Routing pad 'SW71:1' at (296227500, 97790000) with pad 'D65:2' at (305117500, 96630000) using coordinate system rotated by 0 degree(s)
[board_modifier.py:445]: Adding track segment (B.Cu): [(296227500, 97790000), (303957500, 97790000)]
[board_modifier.py:450]: Track added
[board_modifier.py:445]: Adding track segment (B.Cu): [(303957500, 97790000), (305117500, 96630000)]
[board_modifier.py:450]: Track added
[key_placer.py:423]: Routing SW67 with D59
[key_placer.py:425]: Using internal autorouter method
[board_modifier.py:522]: Routing at B.Cu layer
[board_modifier.py:539]: Netclass: Default, track width: 200000
[board_modifier.py:601]: Routing pad 'SW67:1' at (220027500, 97790000) with pad 'D59:2' at (228917500, 96630000) using coordinate system rotated by 0 degree(s)
[board_modifier.py:445]: Adding track segment (B.Cu): [(220027500, 97790000), (227757500, 97790000)]
[board_modifier.py:450]: Track added
[board_modifier.py:445]: Adding track segment (B.Cu): [(227757500, 97790000), (228917500, 96630000)]
[board_modifier.py:450]: Track added
[key_placer.py:423]: Routing SW13 with D11
[key_placer.py:425]: Using internal autorouter method
[board_modifier.py:522]: Routing at B.Cu layer
[board_modifier.py:539]: Netclass: Default, track width: 200000
[board_modifier.py:601]: Routing pad 'SW13:1' at (329565000, 40640000) with pad 'D11:2' at (338455000, 39480000) using coordinate system rotated by 0 degree(s)
[board_modifier.py:445]: Adding track segment (B.Cu): [(329565000, 40640000), (337295000, 40640000)]
[board_modifier.py:450]: Track added
[board_modifier.py:445]: Adding track segment (B.Cu): [(337295000, 40640000), (338455000, 39480000)]
[board_modifier.py:450]: Track added
[key_placer.py:457]: Removing dangling tracks
[key_placer.py:469]: Removing 98be9878-02da-4899-98e7-b33e86762bf3
[key_placer.py:457]: Removing dangling tracks
